Log file open, 11/03/20 03:37:48
LogInit: Display: Running engine for game: Combat
LogPlatformFile: Not using cached read wrapper
LogTaskGraph: Started task graph with 5 named threads and 47 total threads with 3 sets of task threads.
LogStats: Stats thread started at 0.220708
LogD3D11RHI: Loaded GFSDK_Aftermath_Lib.x64.dll
LogICUInternationalization: ICU TimeZone Detection - Raw Offset: +9:00, Platform Override: ''
LogPluginManager: Mounting plugin Paper2D
LogPluginManager: Mounting plugin AISupport
LogPluginManager: Mounting plugin LightPropagationVolume
LogPluginManager: Mounting plugin CameraShakePreviewer
LogPluginManager: Mounting plugin ActorLayerUtilities
LogPluginManager: Mounting plugin AnimationSharing
LogPluginManager: Mounting plugin CLionSourceCodeAccess
LogPluginManager: Mounting plugin CodeLiteSourceCodeAccess
LogPluginManager: Mounting plugin GitSourceControl
LogPluginManager: Mounting plugin KDevelopSourceCodeAccess
LogPluginManager: Mounting plugin NullSourceCodeAccess
LogPluginManager: Mounting plugin PerforceSourceControl
LogPluginManager: Mounting plugin PlasticSourceControl
LogPluginManager: Mounting plugin RiderSourceCodeAccess
LogPluginManager: Mounting plugin SubversionSourceControl
LogPluginManager: Mounting plugin UObjectPlugin
LogPluginManager: Mounting plugin VisualStudioCodeSourceCodeAccess
LogPluginManager: Mounting plugin VisualStudioSourceCodeAccess
LogPluginManager: Mounting plugin XCodeSourceCodeAccess
LogPluginManager: Mounting plugin AssetManagerEditor
LogPluginManager: Mounting plugin CryptoKeys
LogPluginManager: Mounting plugin CurveEditorTools
LogPluginManager: Mounting plugin DataValidation
LogPluginManager: Mounting plugin EditorScriptingUtilities
LogPluginManager: Mounting plugin FacialAnimation
LogPluginManager: Mounting plugin GameplayTagsEditor
LogPluginManager: Mounting plugin GeometryMode
LogPluginManager: Mounting plugin MacGraphicsSwitching
LogPluginManager: Mounting plugin MaterialAnalyzer
LogPluginManager: Mounting plugin MobileLauncherProfileWizard
LogPluginManager: Mounting plugin PluginBrowser
LogPluginManager: Mounting plugin SpeedTreeImporter
LogPluginManager: Mounting plugin DatasmithContent
LogPluginManager: Mounting plugin VariantManagerContent
LogPluginManager: Mounting plugin AlembicImporter
LogPluginManager: Mounting plugin AutomationUtils
LogPluginManager: Mounting plugin BackChannel
LogPluginManager: Mounting plugin ChaosCloth
LogPluginManager: Mounting plugin ChaosClothEditor
LogPluginManager: Mounting plugin ChaosEditor
LogPluginManager: Mounting plugin ChaosNiagara
LogPluginManager: Mounting plugin ChaosSolverPlugin
LogPluginManager: Mounting plugin CharacterAI
LogPluginManager: Mounting plugin GeometryCache
LogPluginManager: Mounting plugin GeometryCollectionPlugin
LogPluginManager: Mounting plugin GeometryProcessing
LogPluginManager: Mounting plugin PlanarCut
LogPluginManager: Mounting plugin PlatformCrypto
LogPluginManager: Mounting plugin ProxyLODPlugin
LogPluginManager: Mounting plugin SkeletalReduction
LogPluginManager: Mounting plugin Niagara
LogPluginManager: Mounting plugin MagicLeap
LogPluginManager: Mounting plugin MagicLeapLightEstimation
LogPluginManager: Mounting plugin MagicLeapMedia
LogPluginManager: Mounting plugin MagicLeapPassableWorld
LogPluginManager: Mounting plugin MLSDK
LogPluginManager: Mounting plugin Restart
LogPluginManager: Mounting plugin AndroidMedia
LogPluginManager: Mounting plugin AvfMedia
LogPluginManager: Mounting plugin ImgMedia
LogPluginManager: Mounting plugin MediaCompositing
LogPluginManager: Mounting plugin MediaPlayerEditor
LogPluginManager: Mounting plugin WebMMedia
LogPluginManager: Mounting plugin WmfMedia
LogPluginManager: Mounting plugin MeshPainting
LogPluginManager: Mounting plugin TcpMessaging
LogPluginManager: Mounting plugin UdpMessaging
LogPluginManager: Mounting plugin ActorSequence
LogPluginManager: Mounting plugin LevelSequenceEditor
LogPluginManager: Mounting plugin MatineeToLevelSequence
LogPluginManager: Mounting plugin MovieRenderPipeline
LogPluginManager: Mounting plugin TemplateSequence
LogPluginManager: Mounting plugin NetcodeUnitTest
LogPluginManager: Mounting plugin NUTUnrealEngine4
LogPluginManager: Mounting plugin OnlineSubsystemGooglePlay
LogPluginManager: Mounting plugin OnlineSubsystemIOS
LogPluginManager: Mounting plugin OnlineSubsystem
LogPluginManager: Mounting plugin OnlineSubsystemNull
LogPluginManager: Mounting plugin OnlineSubsystemUtils
LogPluginManager: Mounting plugin LauncherChunkInstaller
LogPluginManager: Mounting plugin AndroidDeviceProfileSelector
LogPluginManager: Mounting plugin AndroidMoviePlayer
LogPluginManager: Mounting plugin AndroidPermission
LogPluginManager: Mounting plugin ApexDestruction
LogPluginManager: Mounting plugin AppleImageUtils
LogPluginManager: Mounting plugin AppleMoviePlayer
LogPluginManager: Mounting plugin ArchVisCharacter
LogPluginManager: Mounting plugin AssetTags
LogPluginManager: Mounting plugin AudioCapture
LogPluginManager: Mounting plugin CableComponent
LogPluginManager: Mounting plugin CustomMeshComponent
LogPluginManager: Mounting plugin EditableMesh
LogPluginManager: Mounting plugin ExampleDeviceProfileSelector
LogPluginManager: Mounting plugin GoogleCloudMessaging
LogPluginManager: Mounting plugin GooglePAD
LogPluginManager: Mounting plugin IOSDeviceProfileSelector
LogPluginManager: Mounting plugin LinuxDeviceProfileSelector
LogPluginManager: Mounting plugin LocationServicesBPLibrary
LogPluginManager: Mounting plugin MobilePatchingUtils
LogPluginManager: Mounting plugin OculusVR
LogPluginManager: Mounting plugin PhysXVehicles
LogPluginManager: Mounting plugin PostSplashScreen
LogPluginManager: Mounting plugin ProceduralMeshComponent
LogPluginManager: Mounting plugin RuntimePhysXCooking
LogPluginManager: Mounting plugin SignificanceManager
LogPluginManager: Mounting plugin SoundFields
LogPluginManager: Mounting plugin SteamVR
LogPluginManager: Mounting plugin Synthesis
LogPluginManager: Mounting plugin WebMMoviePlayer
LogPluginManager: Mounting plugin WindowsMoviePlayer
LogPluginManager: Mounting plugin ScreenshotTools
Launching UnrealBuildTool... [C:/Program Files/Epic Games/UE_4.25/Engine/Binaries/DotNET/UnrealBuildTool.exe -Mode=QueryTargets -Project="C:/Users/user/Desktop/UnrealGit/WorkSpace/JamesUnreal/UnrealGitHub/Combat.uproject" -Output="C:/Users/user/Desktop/UnrealGit/WorkSpace/JamesUnreal/UnrealGitHub/Intermediate/TargetInfo.json"]
LogInit: Using libcurl 7.55.1-DEV
LogInit:  - built for x86_64-pc-win32
LogInit:  - supports SSL with OpenSSL/1.1.1
LogInit:  - supports HTTP deflate (compression) using libz 1.2.8
LogInit:  - other features:
LogInit:      CURL_VERSION_SSL
LogInit:      CURL_VERSION_LIBZ
LogInit:      CURL_VERSION_IPV6
LogInit:      CURL_VERSION_ASYNCHDNS
LogInit:      CURL_VERSION_LARGEFILE
LogInit:      CURL_VERSION_IDN
LogInit:  CurlRequestOptions (configurable via config and command line):
LogInit:  - bVerifyPeer = true  - Libcurl will verify peer certificate
LogInit:  - bUseHttpProxy = false  - Libcurl will NOT use HTTP proxy
LogInit:  - bDontReuseConnections = false  - Libcurl will reuse connections
LogInit:  - MaxHostConnections = 16  - Libcurl will limit the number of connections to a host
LogInit:  - LocalHostAddr = Default
LogInit:  - BufferSize = 65536
LogOnline: OSS: Creating online subsystem instance for: NULL
LogInit: WinSock: version 1.1 (2.2), MaxSocks=32767, MaxUdp=65467
LogOnline: OSS: TryLoadSubsystemAndSetDefault: Loaded subsystem for module [NULL]
LogInit: Build: ++UE4+Release-4.25-CL-14469661
LogInit: Engine Version: 4.25.4-14469661+++UE4+Release-4.25
LogInit: Compatible Engine Version: 4.25.0-13144385+++UE4+Release-4.25
LogInit: Net CL: 13144385
LogInit: OS: Windows 10 (Release 2004) (), CPU: AMD Ryzen 9 4900H with Radeon Graphics         , GPU: AMD Radeon(TM) Graphics
LogInit: Compiled (64-bit): Oct 11 2020 08:10:49
LogInit: Compiled with Visual C++: 19.24.28315.00
LogInit: Build Configuration: Development
LogInit: Branch Name: ++UE4+Release-4.25
LogInit: Command Line: 
LogInit: Base Directory: C:/Program Files/Epic Games/UE_4.25/Engine/Binaries/Win64/
LogInit: Allocator: TBB
LogInit: Installed Engine Build: 1
LogDevObjectVersion: Number of dev versions registered: 26
LogDevObjectVersion:   Dev-Blueprints (B0D832E4-1F89-4F0D-ACCF-7EB736FD4AA2): 10
LogDevObjectVersion:   Dev-Build (E1C64328-A22C-4D53-A36C-8E866417BD8C): 0
LogDevObjectVersion:   Dev-Core (375EC13C-06E4-48FB-B500-84F0262A717E): 4
LogDevObjectVersion:   Dev-Editor (E4B068ED-F494-42E9-A231-DA0B2E46BB41): 38
LogDevObjectVersion:   Dev-Framework (CFFC743F-43B0-4480-9391-14DF171D2073): 37
LogDevObjectVersion:   Dev-Mobile (B02B49B5-BB20-44E9-A304-32B752E40360): 2
LogDevObjectVersion:   Dev-Networking (A4E4105C-59A1-49B5-A7C5-40C4547EDFEE): 0
LogDevObjectVersion:   Dev-Online (39C831C9-5AE6-47DC-9A44-9C173E1C8E7C): 0
LogDevObjectVersion:   Dev-Physics (78F01B33-EBEA-4F98-B9B4-84EACCB95AA2): 4
LogDevObjectVersion:   Dev-Platform (6631380F-2D4D-43E0-8009-CF276956A95A): 0
LogDevObjectVersion:   Dev-Rendering (12F88B9F-8875-4AFC-A67C-D90C383ABD29): 43
LogDevObjectVersion:   Dev-Sequencer (7B5AE74C-D270-4C10-A958-57980B212A5A): 12
LogDevObjectVersion:   Dev-VR (D7296918-1DD6-4BDD-9DE2-64A83CC13884): 3
LogDevObjectVersion:   Dev-LoadTimes (C2A15278-BFE7-4AFE-6C17-90FF531DF755): 1
LogDevObjectVersion:   Private-Geometry (6EACA3D4-40EC-4CC1-B786-8BED09428FC5): 3
LogDevObjectVersion:   Dev-AnimPhys (29E575DD-E0A3-4627-9D10-D276232CDCEA): 17
LogDevObjectVersion:   Dev-Anim (AF43A65D-7FD3-4947-9873-3E8ED9C1BB05): 7
LogDevObjectVersion:   Dev-ReflectionCapture (6B266CEC-1EC7-4B8F-A30B-E4D90942FC07): 1
LogDevObjectVersion:   Dev-Automation (0DF73D61-A23F-47EA-B727-89E90C41499A): 1
LogDevObjectVersion:   FortniteMain (601D1886-AC64-4F84-AA16-D3DE0DEAC7D6): 31
LogDevObjectVersion:   Dev-Enterprise (9DFFBCD6-494F-0158-E221-12823C92A888): 10
LogDevObjectVersion:   Dev-Niagara (F2AED0AC-9AFE-416F-8664-AA7FFA26D6FC): 1
LogDevObjectVersion:   Dev-Destruction (174F1F0B-B4C6-45A5-B13F-2EE8D0FB917D): 10
LogDevObjectVersion:   Dev-Physics-Ext (35F94A83-E258-406C-A318-09F59610247C): 37
LogDevObjectVersion:   Dev-PhysicsMaterial-Chaos (B68FC16E-8B1B-42E2-B453-215C058844FE): 1
LogDevObjectVersion:   Dev-CineCamera (B2E18506-4273-CFC2-A54E-F4BB758BBA07): 1
LogInit: Presizing for max 25165824 objects, including 0 objects not considered by GC, pre-allocating 0 bytes for permanent pool.
LogConfig: Applying CVar settings from Section [/Script/Engine.StreamingSettings] File [C:/Users/user/Desktop/UnrealGit/WorkSpace/JamesUnreal/UnrealGitHub/Saved/Config/Windows/Engine.ini]
LogConfig: Setting CVar [[s.MinBulkDataSizeForAsyncLoading:131072]]
LogConfig: Setting CVar [[s.AsyncLoadingThreadEnabled:0]]
LogConfig: Setting CVar [[s.EventDrivenLoaderEnabled:1]]
LogConfig: Setting CVar [[s.WarnIfTimeLimitExceeded:0]]
LogConfig: Setting CVar [[s.TimeLimitExceededMultiplier:1.5]]
LogConfig: Setting CVar [[s.TimeLimitExceededMinTime:0.005]]
LogConfig: Setting CVar [[s.UseBackgroundLevelStreaming:1]]
LogConfig: Setting CVar [[s.PriorityAsyncLoadingExtraTime:15.0]]
LogConfig: Setting CVar [[s.LevelStreamingActorsUpdateTimeLimit:5.0]]
LogConfig: Setting CVar [[s.PriorityLevelStreamingActorsUpdateExtraTime:5.0]]
LogConfig: Setting CVar [[s.LevelStreamingComponentsRegistrationGranularity:10]]
LogConfig: Setting CVar [[s.UnregisterComponentsTimeLimit:1.0]]
LogConfig: Setting CVar [[s.LevelStreamingComponentsUnregistrationGranularity:5]]
LogConfig: Setting CVar [[s.FlushStreamingOnExit:1]]
LogInit: Object subsystem initialized
LogConfig: Setting CVar [[con.DebugEarlyDefault:1]]
LogConfig: Setting CVar [[r.setres:1280x720]]
[2020.11.02-18.37.50:136][  0]LogConfig: Setting CVar [[r.VSync:0]]
[2020.11.02-18.37.50:136][  0]LogConfig: Setting CVar [[r.RHICmdBypass:0]]
[2020.11.02-18.37.50:136][  0]LogConfig: Applying CVar settings from Section [/Script/Engine.RendererSettings] File [C:/Users/user/Desktop/UnrealGit/WorkSpace/JamesUnreal/UnrealGitHub/Saved/Config/Windows/Engine.ini]
[2020.11.02-18.37.50:136][  0]LogConfig: Setting CVar [[r.GPUCrashDebugging:0]]
[2020.11.02-18.37.50:136][  0]LogConfig: Applying CVar settings from Section [/Script/Engine.RendererOverrideSettings] File [C:/Users/user/Desktop/UnrealGit/WorkSpace/JamesUnreal/UnrealGitHub/Saved/Config/Windows/Engine.ini]
[2020.11.02-18.37.50:136][  0]LogConfig: Applying CVar settings from Section [/Script/Engine.StreamingSettings] File [C:/Users/user/Desktop/UnrealGit/WorkSpace/JamesUnreal/UnrealGitHub/Saved/Config/Windows/Engine.ini]
[2020.11.02-18.37.50:136][  0]LogConfig: Setting CVar [[s.MinBulkDataSizeForAsyncLoading:131072]]
[2020.11.02-18.37.50:136][  0]LogConfig: Setting CVar [[s.AsyncLoadingThreadEnabled:0]]
[2020.11.02-18.37.50:136][  0]LogConfig: Setting CVar [[s.EventDrivenLoaderEnabled:1]]
[2020.11.02-18.37.50:136][  0]LogConfig: Setting CVar [[s.WarnIfTimeLimitExceeded:0]]
[2020.11.02-18.37.50:136][  0]LogConfig: Setting CVar [[s.TimeLimitExceededMultiplier:1.5]]
[2020.11.02-18.37.50:136][  0]LogConfig: Setting CVar [[s.TimeLimitExceededMinTime:0.005]]
[2020.11.02-18.37.50:136][  0]LogConfig: Setting CVar [[s.UseBackgroundLevelStreaming:1]]
[2020.11.02-18.37.50:136][  0]LogConfig: Setting CVar [[s.PriorityAsyncLoadingExtraTime:15.0]]
[2020.11.02-18.37.50:136][  0]LogConfig: Setting CVar [[s.LevelStreamingActorsUpdateTimeLimit:5.0]]
[2020.11.02-18.37.50:136][  0]LogConfig: Setting CVar [[s.PriorityLevelStreamingActorsUpdateExtraTime:5.0]]
[2020.11.02-18.37.50:136][  0]LogConfig: Setting CVar [[s.LevelStreamingComponentsRegistrationGranularity:10]]
[2020.11.02-18.37.50:136][  0]LogConfig: Setting CVar [[s.UnregisterComponentsTimeLimit:1.0]]
[2020.11.02-18.37.50:136][  0]LogConfig: Setting CVar [[s.LevelStreamingComponentsUnregistrationGranularity:5]]
[2020.11.02-18.37.50:136][  0]LogConfig: Setting CVar [[s.FlushStreamingOnExit:1]]
[2020.11.02-18.37.50:136][  0]LogConfig: Applying CVar settings from Section [/Script/Engine.GarbageCollectionSettings] File [C:/Users/user/Desktop/UnrealGit/WorkSpace/JamesUnreal/UnrealGitHub/Saved/Config/Windows/Engine.ini]
[2020.11.02-18.37.50:136][  0]LogConfig: Setting CVar [[gc.MaxObjectsNotConsideredByGC:1]]
[2020.11.02-18.37.50:136][  0]LogConfig: Setting CVar [[gc.SizeOfPermanentObjectPool:0]]
[2020.11.02-18.37.50:136][  0]LogConfig: Setting CVar [[gc.FlushStreamingOnGC:0]]
[2020.11.02-18.37.50:136][  0]LogConfig: Setting CVar [[gc.NumRetriesBeforeForcingGC:10]]
[2020.11.02-18.37.50:136][  0]LogConfig: Setting CVar [[gc.AllowParallelGC:1]]
[2020.11.02-18.37.50:136][  0]LogConfig: Setting CVar [[gc.TimeBetweenPurgingPendingKillObjects:61.1]]
[2020.11.02-18.37.50:136][  0]LogConfig: Setting CVar [[gc.MaxObjectsInEditor:25165824]]
[2020.11.02-18.37.50:136][  0]LogConfig: Setting CVar [[gc.IncrementalBeginDestroyEnabled:1]]
[2020.11.02-18.37.50:136][  0]LogConfig: Setting CVar [[gc.CreateGCClusters:1]]
[2020.11.02-18.37.50:136][  0]LogConfig: Setting CVar [[gc.MinGCClusterSize:5]]
[2020.11.02-18.37.50:136][  0]LogConfig: Setting CVar [[gc.ActorClusteringEnabled:0]]
[2020.11.02-18.37.50:136][  0]LogConfig: Setting CVar [[gc.BlueprintClusteringEnabled:0]]
[2020.11.02-18.37.50:136][  0]LogConfig: Setting CVar [[gc.UseDisregardForGCOnDedicatedServers:0]]
[2020.11.02-18.37.50:136][  0]LogConfig: Applying CVar settings from Section [/Script/Engine.NetworkSettings] File [C:/Users/user/Desktop/UnrealGit/WorkSpace/JamesUnreal/UnrealGitHub/Saved/Config/Windows/Engine.ini]
[2020.11.02-18.37.50:136][  0]LogConfig: Applying CVar settings from Section [/Script/UnrealEd.CookerSettings] File [C:/Users/user/Desktop/UnrealGit/WorkSpace/JamesUnreal/UnrealGitHub/Saved/Config/Windows/Engine.ini]
[2020.11.02-18.37.50:145][  0]LogConfig: Applying CVar settings from Section [ViewDistanceQuality@3] File [C:/Users/user/Desktop/UnrealGit/WorkSpace/JamesUnreal/UnrealGitHub/Saved/Config/Windows/Scalability.ini]
[2020.11.02-18.37.50:145][  0]LogConfig: Setting CVar [[r.SkeletalMeshLODBias:0]]
[2020.11.02-18.37.50:145][  0]LogConfig: Setting CVar [[r.ViewDistanceScale:1.0]]
[2020.11.02-18.37.50:145][  0]LogConfig: Applying CVar settings from Section [AntiAliasingQuality@3] File [C:/Users/user/Desktop/UnrealGit/WorkSpace/JamesUnreal/UnrealGitHub/Saved/Config/Windows/Scalability.ini]
[2020.11.02-18.37.50:145][  0]LogConfig: Setting CVar [[r.PostProcessAAQuality:4]]
[2020.11.02-18.37.50:145][  0]LogConfig: Applying CVar settings from Section [ShadowQuality@3] File [C:/Users/user/Desktop/UnrealGit/WorkSpace/JamesUnreal/UnrealGitHub/Saved/Config/Windows/Scalability.ini]
[2020.11.02-18.37.50:145][  0]LogConfig: Setting CVar [[r.LightFunctionQuality:1]]
[2020.11.02-18.37.50:145][  0]LogConfig: Setting CVar [[r.ShadowQuality:5]]
[2020.11.02-18.37.50:145][  0]LogConfig: Setting CVar [[r.Shadow.CSM.MaxCascades:10]]
[2020.11.02-18.37.50:145][  0]LogConfig: Setting CVar [[r.Shadow.MaxResolution:2048]]
[2020.11.02-18.37.50:145][  0]LogConfig: Setting CVar [[r.Shadow.MaxCSMResolution:2048]]
[2020.11.02-18.37.50:145][  0]LogConfig: Setting CVar [[r.Shadow.RadiusThreshold:0.01]]
[2020.11.02-18.37.50:145][  0]LogConfig: Setting CVar [[r.Shadow.DistanceScale:1.0]]
[2020.11.02-18.37.50:145][  0]LogConfig: Setting CVar [[r.Shadow.CSM.TransitionScale:1.0]]
[2020.11.02-18.37.50:145][  0]LogConfig: Setting CVar [[r.Shadow.PreShadowResolutionFactor:1.0]]
[2020.11.02-18.37.50:145][  0]LogConfig: Setting CVar [[r.DistanceFieldShadowing:1]]
[2020.11.02-18.37.50:145][  0]LogConfig: Setting CVar [[r.DistanceFieldAO:1]]
[2020.11.02-18.37.50:145][  0]LogConfig: Setting CVar [[r.AOQuality:2]]
[2020.11.02-18.37.50:145][  0]LogConfig: Setting CVar [[r.VolumetricFog:1]]
[2020.11.02-18.37.50:145][  0]LogConfig: Setting CVar [[r.VolumetricFog.GridPixelSize:8]]
[2020.11.02-18.37.50:145][  0]LogConfig: Setting CVar [[r.VolumetricFog.GridSizeZ:128]]
[2020.11.02-18.37.50:145][  0]LogConfig: Setting CVar [[r.VolumetricFog.HistoryMissSupersampleCount:4]]
[2020.11.02-18.37.50:145][  0]LogConfig: Setting CVar [[r.LightMaxDrawDistanceScale:1]]
[2020.11.02-18.37.50:145][  0]LogConfig: Setting CVar [[r.CapsuleShadows:1]]
[2020.11.02-18.37.50:145][  0]LogConfig: Applying CVar settings from Section [PostProcessQuality@3] File [C:/Users/user/Desktop/UnrealGit/WorkSpace/JamesUnreal/UnrealGitHub/Saved/Config/Windows/Scalability.ini]
[2020.11.02-18.37.50:145][  0]LogConfig: Setting CVar [[r.MotionBlurQuality:4]]
[2020.11.02-18.37.50:145][  0]LogConfig: Setting CVar [[r.AmbientOcclusionMipLevelFactor:0.4]]
[2020.11.02-18.37.50:145][  0]LogConfig: Setting CVar [[r.AmbientOcclusionMaxQuality:100]]
[2020.11.02-18.37.50:145][  0]LogConfig: Setting CVar [[r.AmbientOcclusionLevels:-1]]
[2020.11.02-18.37.50:145][  0]LogConfig: Setting CVar [[r.AmbientOcclusionRadiusScale:1.0]]
[2020.11.02-18.37.50:145][  0]LogConfig: Setting CVar [[r.DepthOfFieldQuality:2]]
[2020.11.02-18.37.50:145][  0]LogConfig: Setting CVar [[r.RenderTargetPoolMin:400]]
[2020.11.02-18.37.50:145][  0]LogConfig: Setting CVar [[r.LensFlareQuality:2]]
[2020.11.02-18.37.50:145][  0]LogConfig: Setting CVar [[r.SceneColorFringeQuality:1]]
[2020.11.02-18.37.50:145][  0]LogConfig: Setting CVar [[r.EyeAdaptationQuality:2]]
[2020.11.02-18.37.50:145][  0]LogConfig: Setting CVar [[r.BloomQuality:5]]
[2020.11.02-18.37.50:145][  0]LogConfig: Setting CVar [[r.FastBlurThreshold:100]]
[2020.11.02-18.37.50:145][  0]LogConfig: Setting CVar [[r.Upscale.Quality:3]]
[2020.11.02-18.37.50:145][  0]LogConfig: Setting CVar [[r.Tonemapper.GrainQuantization:1]]
[2020.11.02-18.37.50:145][  0]LogConfig: Setting CVar [[r.LightShaftQuality:1]]
[2020.11.02-18.37.50:145][  0]LogConfig: Setting CVar [[r.Filter.SizeScale:1]]
[2020.11.02-18.37.50:145][  0]LogConfig: Setting CVar [[r.Tonemapper.Quality:5]]
[2020.11.02-18.37.50:145][  0]LogConfig: Setting CVar [[r.DOF.Gather.AccumulatorQuality:1        ; higher gathering accumulator quality]]
[2020.11.02-18.37.50:145][  0]LogConfig: Setting CVar [[r.DOF.Gather.PostfilterMethod:1          ; Median3x3 postfilering method]]
[2020.11.02-18.37.50:145][  0]LogConfig: Setting CVar [[r.DOF.Gather.EnableBokehSettings:0       ; no bokeh simulation when gathering]]
[2020.11.02-18.37.50:145][  0]LogConfig: Setting CVar [[r.DOF.Gather.RingCount:4                 ; medium number of samples when gathering]]
[2020.11.02-18.37.50:145][  0]LogConfig: Setting CVar [[r.DOF.Scatter.ForegroundCompositing:1    ; additive foreground scattering]]
[2020.11.02-18.37.50:145][  0]LogConfig: Setting CVar [[r.DOF.Scatter.BackgroundCompositing:2    ; additive background scattering]]
[2020.11.02-18.37.50:145][  0]LogConfig: Setting CVar [[r.DOF.Scatter.EnableBokehSettings:1      ; bokeh simulation when scattering]]
[2020.11.02-18.37.50:145][  0]LogConfig: Setting CVar [[r.DOF.Scatter.MaxSpriteRatio:0.1         ; only a maximum of 10% of scattered bokeh]]
[2020.11.02-18.37.50:145][  0]LogConfig: Setting CVar [[r.DOF.Recombine.Quality:1                ; cheap slight out of focus]]
[2020.11.02-18.37.50:145][  0]LogConfig: Setting CVar [[r.DOF.Recombine.EnableBokehSettings:0    ; no bokeh simulation on slight out of focus]]
[2020.11.02-18.37.50:145][  0]LogConfig: Setting CVar [[r.DOF.TemporalAAQuality:1                ; more stable temporal accumulation]]
[2020.11.02-18.37.50:145][  0]LogConfig: Setting CVar [[r.DOF.Kernel.MaxForegroundRadius:0.025]]
[2020.11.02-18.37.50:145][  0]LogConfig: Setting CVar [[r.DOF.Kernel.MaxBackgroundRadius:0.025]]
[2020.11.02-18.37.50:145][  0]LogConfig: Applying CVar settings from Section [TextureQuality@3] File [C:/Users/user/Desktop/UnrealGit/WorkSpace/JamesUnreal/UnrealGitHub/Saved/Config/Windows/Scalability.ini]
[2020.11.02-18.37.50:145][  0]LogConfig: Setting CVar [[r.Streaming.MipBias:0]]
[2020.11.02-18.37.50:145][  0]LogConfig: Setting CVar [[r.Streaming.AmortizeCPUToGPUCopy:0]]
[2020.11.02-18.37.50:145][  0]LogConfig: Setting CVar [[r.Streaming.MaxNumTexturesToStreamPerFrame:0]]
[2020.11.02-18.37.50:145][  0]LogConfig: Setting CVar [[r.Streaming.Boost:1]]
[2020.11.02-18.37.50:145][  0]LogConfig: Setting CVar [[r.MaxAnisotropy:8]]
[2020.11.02-18.37.50:145][  0]LogConfig: Setting CVar [[r.VT.MaxAnisotropy:8]]
[2020.11.02-18.37.50:145][  0]LogConfig: Setting CVar [[r.Streaming.LimitPoolSizeToVRAM:0]]
[2020.11.02-18.37.50:145][  0]LogConfig: Setting CVar [[r.Streaming.PoolSize:1000]]
[2020.11.02-18.37.50:145][  0]LogConfig: Setting CVar [[r.Streaming.MaxEffectiveScreenSize:0]]
[2020.11.02-18.37.50:145][  0]LogConfig: Applying CVar settings from Section [EffectsQuality@3] File [C:/Users/user/Desktop/UnrealGit/WorkSpace/JamesUnreal/UnrealGitHub/Saved/Config/Windows/Scalability.ini]
[2020.11.02-18.37.50:145][  0]LogConfig: Setting CVar [[r.TranslucencyLightingVolumeDim:64]]
[2020.11.02-18.37.50:145][  0]LogConfig: Setting CVar [[r.RefractionQuality:2]]
[2020.11.02-18.37.50:145][  0]LogConfig: Setting CVar [[r.SSR.Quality:3]]
[2020.11.02-18.37.50:145][  0]LogConfig: Setting CVar [[r.SSR.HalfResSceneColor:0]]
[2020.11.02-18.37.50:145][  0]LogConfig: Setting CVar [[r.SceneColorFormat:4]]
[2020.11.02-18.37.50:145][  0]LogConfig: Setting CVar [[r.DetailMode:2]]
[2020.11.02-18.37.50:145][  0]LogConfig: Setting CVar [[r.TranslucencyVolumeBlur:1]]
[2020.11.02-18.37.50:145][  0]LogConfig: Setting CVar [[r.MaterialQualityLevel:1 ; High quality]]
[2020.11.02-18.37.50:145][  0]LogConfig: Setting CVar [[r.SSS.Scale:1]]
[2020.11.02-18.37.50:145][  0]LogConfig: Setting CVar [[r.SSS.SampleSet:2]]
[2020.11.02-18.37.50:145][  0]LogConfig: Setting CVar [[r.SSS.Quality:1]]
[2020.11.02-18.37.50:145][  0]LogConfig: Setting CVar [[r.SSS.HalfRes:0]]
[2020.11.02-18.37.50:145][  0]LogConfig: Setting CVar [[r.SSGI.Quality:3]]
[2020.11.02-18.37.50:145][  0]LogConfig: Setting CVar [[r.EmitterSpawnRateScale:1.0]]
[2020.11.02-18.37.50:145][  0]LogConfig: Setting CVar [[r.ParticleLightQuality:2]]
[2020.11.02-18.37.50:145][  0]LogConfig: Setting CVar [[r.SkyAtmosphere.AerialPerspectiveLUT.FastApplyOnOpaque:1 ; Always have FastSkyLUT 1 in this case to avoid wrong sky]]
[2020.11.02-18.37.50:145][  0]LogConfig: Setting CVar [[r.SkyAtmosphere.AerialPerspectiveLUT.SampleCountPerSlice:1]]
[2020.11.02-18.37.50:145][  0]LogConfig: Setting CVar [[r.SkyAtmosphere.AerialPerspectiveLUT.DepthResolution:16.0]]
[2020.11.02-18.37.50:146][  0]LogConfig: Setting CVar [[r.SkyAtmosphere.FastSkyLUT:1]]
[2020.11.02-18.37.50:146][  0]LogConfig: Setting CVar [[r.SkyAtmosphere.FastSkyLUT.SampleCountMin:4.0]]
[2020.11.02-18.37.50:146][  0]LogConfig: Setting CVar [[r.SkyAtmosphere.FastSkyLUT.SampleCountMax:32.0]]
[2020.11.02-18.37.50:146][  0]LogConfig: Setting CVar [[r.SkyAtmosphere.SampleCountMin:4.0]]
[2020.11.02-18.37.50:146][  0]LogConfig: Setting CVar [[r.SkyAtmosphere.SampleCountMax:32.0]]
[2020.11.02-18.37.50:146][  0]LogConfig: Setting CVar [[r.SkyAtmosphere.TransmittanceLUT.UseSmallFormat:0]]
[2020.11.02-18.37.50:146][  0]LogConfig: Setting CVar [[r.SkyAtmosphere.TransmittanceLUT.SampleCount:10.0]]
[2020.11.02-18.37.50:146][  0]LogConfig: Setting CVar [[r.SkyAtmosphere.MultiScatteringLUT.SampleCount:15.0]]
[2020.11.02-18.37.50:146][  0]LogConfig: Applying CVar settings from Section [FoliageQuality@3] File [C:/Users/user/Desktop/UnrealGit/WorkSpace/JamesUnreal/UnrealGitHub/Saved/Config/Windows/Scalability.ini]
[2020.11.02-18.37.50:146][  0]LogConfig: Setting CVar [[foliage.DensityScale:1.0]]
[2020.11.02-18.37.50:146][  0]LogConfig: Setting CVar [[grass.DensityScale:1.0]]
[2020.11.02-18.37.50:146][  0]LogConfig: Applying CVar settings from Section [ShadingQuality@3] File [C:/Users/user/Desktop/UnrealGit/WorkSpace/JamesUnreal/UnrealGitHub/Saved/Config/Windows/Scalability.ini]
[2020.11.02-18.37.50:146][  0]LogConfig: Setting CVar [[r.HairStrands.SkyLighting.SampleCount:16]]
[2020.11.02-18.37.50:146][  0]LogConfig: Setting CVar [[r.HairStrands.SkyLighting.JitterIntegration:0]]
[2020.11.02-18.37.50:146][  0]LogConfig: Setting CVar [[r.HairStrands.SkyAO.SampleCount:16]]
[2020.11.02-18.37.50:146][  0]LogConfig: Setting CVar [[r.HairStrands.DeepShadow.SuperSampling:0]]
[2020.11.02-18.37.50:146][  0]LogConfig: Setting CVar [[r.HairStrands.VisibilityPPLL:0]]
[2020.11.02-18.37.50:146][  0]LogConfig: Setting CVar [[r.HairStrands.RasterizationScale:0.5]]
[2020.11.02-18.37.50:146][  0]LogConfig: Setting CVar [[r.HairStrands.VelocityRasterizationScale:1]]
[2020.11.02-18.37.50:146][  0]LogInit: Selected Device Profile: [Windows]
[2020.11.02-18.37.50:146][  0]LogInit: Applying CVar settings loaded from the selected device profile: [Windows]
[2020.11.02-18.37.50:146][  0]LogHAL: Display: Platform has ~ 32 GB [33736564736 / 34359738368 / 32], which maps to Largest [LargestMinGB=32, LargerMinGB=12, DefaultMinGB=8, SmallerMinGB=6, SmallestMinGB=0)
[2020.11.02-18.37.50:146][  0]LogInit: Going up to parent DeviceProfile []
[2020.11.02-18.37.50:146][  0]LogConfig: Applying CVar settings from Section [ViewDistanceQuality@3] File [C:/Users/user/Desktop/UnrealGit/WorkSpace/JamesUnreal/UnrealGitHub/Saved/Config/Windows/Scalability.ini]
[2020.11.02-18.37.50:146][  0]LogConfig: Setting CVar [[r.SkeletalMeshLODBias:0]]
[2020.11.02-18.37.50:146][  0]LogConfig: Setting CVar [[r.ViewDistanceScale:1.0]]
[2020.11.02-18.37.50:146][  0]LogConfig: Applying CVar settings from Section [AntiAliasingQuality@3] File [C:/Users/user/Desktop/UnrealGit/WorkSpace/JamesUnreal/UnrealGitHub/Saved/Config/Windows/Scalability.ini]
[2020.11.02-18.37.50:146][  0]LogConfig: Setting CVar [[r.PostProcessAAQuality:4]]
[2020.11.02-18.37.50:146][  0]LogConfig: Applying CVar settings from Section [ShadowQuality@3] File [C:/Users/user/Desktop/UnrealGit/WorkSpace/JamesUnreal/UnrealGitHub/Saved/Config/Windows/Scalability.ini]
[2020.11.02-18.37.50:146][  0]LogConfig: Setting CVar [[r.LightFunctionQuality:1]]
[2020.11.02-18.37.50:146][  0]LogConfig: Setting CVar [[r.ShadowQuality:5]]
[2020.11.02-18.37.50:146][  0]LogConfig: Setting CVar [[r.Shadow.CSM.MaxCascades:10]]
[2020.11.02-18.37.50:146][  0]LogConfig: Setting CVar [[r.Shadow.MaxResolution:2048]]
[2020.11.02-18.37.50:146][  0]LogConfig: Setting CVar [[r.Shadow.MaxCSMResolution:2048]]
[2020.11.02-18.37.50:146][  0]LogConfig: Setting CVar [[r.Shadow.RadiusThreshold:0.01]]
[2020.11.02-18.37.50:146][  0]LogConfig: Setting CVar [[r.Shadow.DistanceScale:1.0]]
[2020.11.02-18.37.50:146][  0]LogConfig: Setting CVar [[r.Shadow.CSM.TransitionScale:1.0]]
[2020.11.02-18.37.50:146][  0]LogConfig: Setting CVar [[r.Shadow.PreShadowResolutionFactor:1.0]]
[2020.11.02-18.37.50:146][  0]LogConfig: Setting CVar [[r.DistanceFieldShadowing:1]]
[2020.11.02-18.37.50:146][  0]LogConfig: Setting CVar [[r.DistanceFieldAO:1]]
[2020.11.02-18.37.50:146][  0]LogConfig: Setting CVar [[r.AOQuality:2]]
[2020.11.02-18.37.50:146][  0]LogConfig: Setting CVar [[r.VolumetricFog:1]]
[2020.11.02-18.37.50:146][  0]LogConfig: Setting CVar [[r.VolumetricFog.GridPixelSize:8]]
[2020.11.02-18.37.50:146][  0]LogConfig: Setting CVar [[r.VolumetricFog.GridSizeZ:128]]
[2020.11.02-18.37.50:146][  0]LogConfig: Setting CVar [[r.VolumetricFog.HistoryMissSupersampleCount:4]]
[2020.11.02-18.37.50:146][  0]LogConfig: Setting CVar [[r.LightMaxDrawDistanceScale:1]]
[2020.11.02-18.37.50:146][  0]LogConfig: Setting CVar [[r.CapsuleShadows:1]]
[2020.11.02-18.37.50:146][  0]LogConfig: Applying CVar settings from Section [PostProcessQuality@3] File [C:/Users/user/Desktop/UnrealGit/WorkSpace/JamesUnreal/UnrealGitHub/Saved/Config/Windows/Scalability.ini]
[2020.11.02-18.37.50:146][  0]LogConfig: Setting CVar [[r.MotionBlurQuality:4]]
[2020.11.02-18.37.50:146][  0]LogConfig: Setting CVar [[r.AmbientOcclusionMipLevelFactor:0.4]]
[2020.11.02-18.37.50:146][  0]LogConfig: Setting CVar [[r.AmbientOcclusionMaxQuality:100]]
[2020.11.02-18.37.50:146][  0]LogConfig: Setting CVar [[r.AmbientOcclusionLevels:-1]]
[2020.11.02-18.37.50:146][  0]LogConfig: Setting CVar [[r.AmbientOcclusionRadiusScale:1.0]]
[2020.11.02-18.37.50:146][  0]LogConfig: Setting CVar [[r.DepthOfFieldQuality:2]]
[2020.11.02-18.37.50:146][  0]LogConfig: Setting CVar [[r.RenderTargetPoolMin:400]]
[2020.11.02-18.37.50:146][  0]LogConfig: Setting CVar [[r.LensFlareQuality:2]]
[2020.11.02-18.37.50:146][  0]LogConfig: Setting CVar [[r.SceneColorFringeQuality:1]]
[2020.11.02-18.37.50:146][  0]LogConfig: Setting CVar [[r.EyeAdaptationQuality:2]]
[2020.11.02-18.37.50:146][  0]LogConfig: Setting CVar [[r.BloomQuality:5]]
[2020.11.02-18.37.50:146][  0]LogConfig: Setting CVar [[r.FastBlurThreshold:100]]
[2020.11.02-18.37.50:146][  0]LogConfig: Setting CVar [[r.Upscale.Quality:3]]
[2020.11.02-18.37.50:146][  0]LogConfig: Setting CVar [[r.Tonemapper.GrainQuantization:1]]
[2020.11.02-18.37.50:146][  0]LogConfig: Setting CVar [[r.LightShaftQuality:1]]
[2020.11.02-18.37.50:146][  0]LogConfig: Setting CVar [[r.Filter.SizeScale:1]]
[2020.11.02-18.37.50:146][  0]LogConfig: Setting CVar [[r.Tonemapper.Quality:5]]
[2020.11.02-18.37.50:146][  0]LogConfig: Setting CVar [[r.DOF.Gather.AccumulatorQuality:1        ; higher gathering accumulator quality]]
[2020.11.02-18.37.50:146][  0]LogConfig: Setting CVar [[r.DOF.Gather.PostfilterMethod:1          ; Median3x3 postfilering method]]
[2020.11.02-18.37.50:146][  0]LogConfig: Setting CVar [[r.DOF.Gather.EnableBokehSettings:0       ; no bokeh simulation when gathering]]
[2020.11.02-18.37.50:146][  0]LogConfig: Setting CVar [[r.DOF.Gather.RingCount:4                 ; medium number of samples when gathering]]
[2020.11.02-18.37.50:146][  0]LogConfig: Setting CVar [[r.DOF.Scatter.ForegroundCompositing:1    ; additive foreground scattering]]
[2020.11.02-18.37.50:146][  0]LogConfig: Setting CVar [[r.DOF.Scatter.BackgroundCompositing:2    ; additive background scattering]]
[2020.11.02-18.37.50:146][  0]LogConfig: Setting CVar [[r.DOF.Scatter.EnableBokehSettings:1      ; bokeh simulation when scattering]]
[2020.11.02-18.37.50:146][  0]LogConfig: Setting CVar [[r.DOF.Scatter.MaxSpriteRatio:0.1         ; only a maximum of 10% of scattered bokeh]]
[2020.11.02-18.37.50:146][  0]LogConfig: Setting CVar [[r.DOF.Recombine.Quality:1                ; cheap slight out of focus]]
[2020.11.02-18.37.50:146][  0]LogConfig: Setting CVar [[r.DOF.Recombine.EnableBokehSettings:0    ; no bokeh simulation on slight out of focus]]
[2020.11.02-18.37.50:146][  0]LogConfig: Setting CVar [[r.DOF.TemporalAAQuality:1                ; more stable temporal accumulation]]
[2020.11.02-18.37.50:146][  0]LogConfig: Setting CVar [[r.DOF.Kernel.MaxForegroundRadius:0.025]]
[2020.11.02-18.37.50:146][  0]LogConfig: Setting CVar [[r.DOF.Kernel.MaxBackgroundRadius:0.025]]
[2020.11.02-18.37.50:146][  0]LogConfig: Applying CVar settings from Section [TextureQuality@3] File [C:/Users/user/Desktop/UnrealGit/WorkSpace/JamesUnreal/UnrealGitHub/Saved/Config/Windows/Scalability.ini]
[2020.11.02-18.37.50:146][  0]LogConfig: Setting CVar [[r.Streaming.MipBias:0]]
[2020.11.02-18.37.50:146][  0]LogConfig: Setting CVar [[r.Streaming.AmortizeCPUToGPUCopy:0]]
[2020.11.02-18.37.50:146][  0]LogConfig: Setting CVar [[r.Streaming.MaxNumTexturesToStreamPerFrame:0]]
[2020.11.02-18.37.50:146][  0]LogConfig: Setting CVar [[r.Streaming.Boost:1]]
[2020.11.02-18.37.50:146][  0]LogConfig: Setting CVar [[r.MaxAnisotropy:8]]
[2020.11.02-18.37.50:146][  0]LogConfig: Setting CVar [[r.VT.MaxAnisotropy:8]]
[2020.11.02-18.37.50:146][  0]LogConfig: Setting CVar [[r.Streaming.LimitPoolSizeToVRAM:0]]
[2020.11.02-18.37.50:147][  0]LogConfig: Setting CVar [[r.Streaming.PoolSize:1000]]
[2020.11.02-18.37.50:147][  0]LogConfig: Setting CVar [[r.Streaming.MaxEffectiveScreenSize:0]]
[2020.11.02-18.37.50:147][  0]LogConfig: Applying CVar settings from Section [EffectsQuality@3] File [C:/Users/user/Desktop/UnrealGit/WorkSpace/JamesUnreal/UnrealGitHub/Saved/Config/Windows/Scalability.ini]
[2020.11.02-18.37.50:147][  0]LogConfig: Setting CVar [[r.TranslucencyLightingVolumeDim:64]]
[2020.11.02-18.37.50:147][  0]LogConfig: Setting CVar [[r.RefractionQuality:2]]
[2020.11.02-18.37.50:147][  0]LogConfig: Setting CVar [[r.SSR.Quality:3]]
[2020.11.02-18.37.50:147][  0]LogConfig: Setting CVar [[r.SSR.HalfResSceneColor:0]]
[2020.11.02-18.37.50:147][  0]LogConfig: Setting CVar [[r.SceneColorFormat:4]]
[2020.11.02-18.37.50:147][  0]LogConfig: Setting CVar [[r.DetailMode:2]]
[2020.11.02-18.37.50:147][  0]LogConfig: Setting CVar [[r.TranslucencyVolumeBlur:1]]
[2020.11.02-18.37.50:147][  0]LogConfig: Setting CVar [[r.MaterialQualityLevel:1 ; High quality]]
[2020.11.02-18.37.50:147][  0]LogConfig: Setting CVar [[r.SSS.Scale:1]]
[2020.11.02-18.37.50:147][  0]LogConfig: Setting CVar [[r.SSS.SampleSet:2]]
[2020.11.02-18.37.50:147][  0]LogConfig: Setting CVar [[r.SSS.Quality:1]]
[2020.11.02-18.37.50:147][  0]LogConfig: Setting CVar [[r.SSS.HalfRes:0]]
[2020.11.02-18.37.50:147][  0]LogConfig: Setting CVar [[r.SSGI.Quality:3]]
[2020.11.02-18.37.50:147][  0]LogConfig: Setting CVar [[r.EmitterSpawnRateScale:1.0]]
[2020.11.02-18.37.50:147][  0]LogConfig: Setting CVar [[r.ParticleLightQuality:2]]
[2020.11.02-18.37.50:147][  0]LogConfig: Setting CVar [[r.SkyAtmosphere.AerialPerspectiveLUT.FastApplyOnOpaque:1 ; Always have FastSkyLUT 1 in this case to avoid wrong sky]]
[2020.11.02-18.37.50:147][  0]LogConfig: Setting CVar [[r.SkyAtmosphere.AerialPerspectiveLUT.SampleCountPerSlice:1]]
[2020.11.02-18.37.50:147][  0]LogConfig: Setting CVar [[r.SkyAtmosphere.AerialPerspectiveLUT.DepthResolution:16.0]]
[2020.11.02-18.37.50:147][  0]LogConfig: Setting CVar [[r.SkyAtmosphere.FastSkyLUT:1]]
[2020.11.02-18.37.50:147][  0]LogConfig: Setting CVar [[r.SkyAtmosphere.FastSkyLUT.SampleCountMin:4.0]]
[2020.11.02-18.37.50:147][  0]LogConfig: Setting CVar [[r.SkyAtmosphere.FastSkyLUT.SampleCountMax:32.0]]
[2020.11.02-18.37.50:147][  0]LogConfig: Setting CVar [[r.SkyAtmosphere.SampleCountMin:4.0]]
[2020.11.02-18.37.50:147][  0]LogConfig: Setting CVar [[r.SkyAtmosphere.SampleCountMax:32.0]]
[2020.11.02-18.37.50:147][  0]LogConfig: Setting CVar [[r.SkyAtmosphere.TransmittanceLUT.UseSmallFormat:0]]
[2020.11.02-18.37.50:147][  0]LogConfig: Setting CVar [[r.SkyAtmosphere.TransmittanceLUT.SampleCount:10.0]]
[2020.11.02-18.37.50:147][  0]LogConfig: Setting CVar [[r.SkyAtmosphere.MultiScatteringLUT.SampleCount:15.0]]
[2020.11.02-18.37.50:147][  0]LogConfig: Applying CVar settings from Section [FoliageQuality@3] File [C:/Users/user/Desktop/UnrealGit/WorkSpace/JamesUnreal/UnrealGitHub/Saved/Config/Windows/Scalability.ini]
[2020.11.02-18.37.50:147][  0]LogConfig: Setting CVar [[foliage.DensityScale:1.0]]
[2020.11.02-18.37.50:147][  0]LogConfig: Setting CVar [[grass.DensityScale:1.0]]
[2020.11.02-18.37.50:147][  0]LogConfig: Applying CVar settings from Section [ShadingQuality@3] File [C:/Users/user/Desktop/UnrealGit/WorkSpace/JamesUnreal/UnrealGitHub/Saved/Config/Windows/Scalability.ini]
[2020.11.02-18.37.50:147][  0]LogConfig: Setting CVar [[r.HairStrands.SkyLighting.SampleCount:16]]
[2020.11.02-18.37.50:147][  0]LogConfig: Setting CVar [[r.HairStrands.SkyLighting.JitterIntegration:0]]
[2020.11.02-18.37.50:147][  0]LogConfig: Setting CVar [[r.HairStrands.SkyAO.SampleCount:16]]
[2020.11.02-18.37.50:147][  0]LogConfig: Setting CVar [[r.HairStrands.DeepShadow.SuperSampling:0]]
[2020.11.02-18.37.50:147][  0]LogConfig: Setting CVar [[r.HairStrands.VisibilityPPLL:0]]
[2020.11.02-18.37.50:147][  0]LogConfig: Setting CVar [[r.HairStrands.RasterizationScale:0.5]]
[2020.11.02-18.37.50:147][  0]LogConfig: Setting CVar [[r.HairStrands.VelocityRasterizationScale:1]]
[2020.11.02-18.37.50:147][  0]LogConfig: Applying CVar settings from Section [Startup] File [../../../Engine/Config/ConsoleVariables.ini]
[2020.11.02-18.37.50:147][  0]LogConfig: Setting CVar [[net.UseAdaptiveNetUpdateFrequency:0]]
[2020.11.02-18.37.50:148][  0]LogConfig: Setting CVar [[p.chaos.AllowCreatePhysxBodies:1]]
[2020.11.02-18.37.50:148][  0]LogConfig: Setting CVar [[fx.SkipVectorVMBackendOptimizations:1]]
[2020.11.02-18.37.50:148][  0]LogConfig: Applying CVar settings from Section [ConsoleVariables] File [C:/Users/user/Desktop/UnrealGit/WorkSpace/JamesUnreal/UnrealGitHub/Saved/Config/Windows/Engine.ini]
[2020.11.02-18.37.50:148][  0]LogInit: Computer: DESKTOP-728A1T6
[2020.11.02-18.37.50:148][  0]LogInit: User: user
[2020.11.02-18.37.50:148][  0]LogInit: CPU Page size=4096, Cores=8
[2020.11.02-18.37.50:148][  0]LogInit: High frequency timer resolution =10.000000 MHz
[2020.11.02-18.37.50:148][  0]LogMemory: Memory total: Physical=31.4GB (32GB approx)
[2020.11.02-18.37.50:148][  0]LogMemory: Platform Memory Stats for Windows
[2020.11.02-18.37.50:148][  0]LogMemory: Process Physical Memory: 121.64 MB used, 121.64 MB peak
[2020.11.02-18.37.50:148][  0]LogMemory: Process Virtual Memory: 98.20 MB used, 98.20 MB peak
[2020.11.02-18.37.50:148][  0]LogMemory: Physical Memory: 20506.08 MB used,  11667.62 MB free, 32173.70 MB total
[2020.11.02-18.37.50:148][  0]LogMemory: Virtual Memory: 5186.88 MB used,  134212544.00 MB free, 134217728.00 MB total
[2020.11.02-18.37.50:159][  0]LogWindows: WindowsPlatformFeatures enabled
[2020.11.02-18.37.50:209][  0]LogInit: Physics initialised using underlying interface: PhysX
[2020.11.02-18.37.50:211][  0]LogInit: Using OS detected language (ko-KR).
[2020.11.02-18.37.50:211][  0]LogInit: Using OS detected locale (ko-KR).
[2020.11.02-18.37.50:215][  0]LogTextLocalizationManager: No specific localization for 'ko-KR' exists, so the 'ko' localization will be used.
[2020.11.02-18.37.50:325][  0]LogInit: Setting process to per monitor DPI aware
[2020.11.02-18.37.50:395][  0]LogSlate: New Slate User Created.  User Index 0, Is Virtual User: 0
[2020.11.02-18.37.50:395][  0]LogSlate: Slate User Registered.  User Index 0, Is Virtual User: 0
[2020.11.02-18.37.50:623][  0]LogHMD: Failed to initialize OpenVR with code 110
[2020.11.02-18.37.50:623][  0]LogD3D11RHI: D3D11 min allowed feature level: 11_0
[2020.11.02-18.37.50:623][  0]LogD3D11RHI: D3D11 max allowed feature level: 11_0
[2020.11.02-18.37.50:623][  0]LogD3D11RHI: D3D11 adapters:
[2020.11.02-18.37.50:731][  0]LogD3D11RHI:    0. 'NVIDIA GeForce RTX 2060' (Feature Level 11_0)
[2020.11.02-18.37.50:731][  0]LogD3D11RHI:       5980/0/16086 MB DedicatedVideo/DedicatedSystem/SharedSystem, Outputs:2, VendorId:0x10de
[2020.11.02-18.37.50:766][  0]LogD3D11RHI:    1. 'AMD Radeon(TM) Graphics' (Feature Level 11_0)
[2020.11.02-18.37.50:766][  0]LogD3D11RHI:       496/0/16086 MB DedicatedVideo/DedicatedSystem/SharedSystem, Outputs:0, VendorId:0x1002
[2020.11.02-18.37.50:769][  0]LogD3D11RHI:    2. 'Microsoft Basic Render Driver' (Feature Level 11_0)
[2020.11.02-18.37.50:770][  0]LogD3D11RHI:       0/0/16086 MB DedicatedVideo/DedicatedSystem/SharedSystem, Outputs:0, VendorId:0x1414
[2020.11.02-18.37.50:770][  0]LogD3D11RHI: Chosen D3D11 Adapter: 0
[2020.11.02-18.37.50:788][  0]LogD3D11RHI: Creating new Direct3DDevice
[2020.11.02-18.37.50:789][  0]LogD3D11RHI:     GPU DeviceId: 0x1f15 (for the marketing name, search the web for "GPU Device Id")
[2020.11.02-18.37.50:789][  0]LogWindows: EnumDisplayDevices:
[2020.11.02-18.37.50:789][  0]LogWindows:    0. 'AMD Radeon(TM) Graphics' (P:1 D:1)
[2020.11.02-18.37.50:789][  0]LogWindows:    1. 'AMD Radeon(TM) Graphics' (P:0 D:1)
[2020.11.02-18.37.50:790][  0]LogWindows:    2. 'AMD Radeon(TM) Graphics' (P:0 D:0)
[2020.11.02-18.37.50:790][  0]LogWindows:    3. 'AMD Radeon(TM) Graphics' (P:0 D:0)
[2020.11.02-18.37.50:791][  0]LogWindows:    4. 'NVIDIA GeForce RTX 2060' (P:0 D:0)
[2020.11.02-18.37.50:791][  0]LogWindows:    5. 'NVIDIA GeForce RTX 2060' (P:0 D:0)
[2020.11.02-18.37.50:791][  0]LogWindows:    6. 'NVIDIA GeForce RTX 2060' (P:0 D:0)
[2020.11.02-18.37.50:792][  0]LogWindows:    7. 'NVIDIA GeForce RTX 2060' (P:0 D:0)
[2020.11.02-18.37.50:792][  0]LogWindows: DebugString: PrimaryIsNotTheChoosenAdapter PrimaryIsNotTheChoosenAdapter PrimaryIsNotTheChoosenAdapter PrimaryIsNotTheChoosenAdapter FoundDriverCount:4 
[2020.11.02-18.37.50:792][  0]LogD3D11RHI:     Adapter Name: NVIDIA GeForce RTX 2060
[2020.11.02-18.37.50:792][  0]LogD3D11RHI:   Driver Version: 451.67 (internal:27.21.14.5167, unified:451.67)
[2020.11.02-18.37.50:792][  0]LogD3D11RHI:      Driver Date: 7-5-2020
[2020.11.02-18.37.50:792][  0]LogRHI: Texture pool is 4186 MB (70% of 5980 MB)
[2020.11.02-18.37.50:853][  0]LogD3D11RHI: RHI has support for 64 bit atomics
[2020.11.02-18.37.50:853][  0]LogD3D11RHI: Async texture creation enabled
[2020.11.02-18.37.50:853][  0]LogD3D11RHI: Array index from any shader is supported
[2020.11.02-18.37.50:869][  0]LogD3D11RHI: GPU Timing Frequency: 1000.000000 (Debug: 2 1)
[2020.11.02-18.37.51:162][  0]LogTargetPlatformManager: Display: Loaded TargetPlatform 'AllDesktop'
[2020.11.02-18.37.51:188][  0]LogTargetPlatformManager: Display: Loaded TargetPlatform 'Android'
[2020.11.02-18.37.51:188][  0]LogTargetPlatformManager: Display: Loaded TargetPlatform 'Android_ASTC'
[2020.11.02-18.37.51:189][  0]LogTargetPlatformManager: Display: Loaded TargetPlatform 'Android_DXT'
[2020.11.02-18.37.51:189][  0]LogTargetPlatformManager: Display: Loaded TargetPlatform 'Android_ETC2'
[2020.11.02-18.37.51:189][  0]LogTargetPlatformManager: Display: Loaded TargetPlatform 'AndroidClient'
[2020.11.02-18.37.51:189][  0]LogTargetPlatformManager: Display: Loaded TargetPlatform 'Android_ASTCClient'
[2020.11.02-18.37.51:189][  0]LogTargetPlatformManager: Display: Loaded TargetPlatform 'Android_DXTClient'
[2020.11.02-18.37.51:189][  0]LogTargetPlatformManager: Display: Loaded TargetPlatform 'Android_ETC2Client'
[2020.11.02-18.37.51:189][  0]LogTargetPlatformManager: Display: Loaded TargetPlatform 'Android_Multi'
[2020.11.02-18.37.51:189][  0]LogTargetPlatformManager: Display: Loaded TargetPlatform 'Android_MultiClient'
[2020.11.02-18.37.51:220][  0]LogTargetPlatformManager: Display: Loaded TargetPlatform 'IOSClient'
[2020.11.02-18.37.51:220][  0]LogTargetPlatformManager: Display: Loaded TargetPlatform 'IOS'
[2020.11.02-18.37.51:233][  0]LogTargetPlatformManager: Display: Loaded TargetPlatform 'Linux'
[2020.11.02-18.37.51:249][  0]LogTargetPlatformManager: Display: Loaded TargetPlatform 'LinuxNoEditor'
[2020.11.02-18.37.51:262][  0]LogTargetPlatformManager: Display: Loaded TargetPlatform 'LinuxClient'
[2020.11.02-18.37.51:275][  0]LogTargetPlatformManager: Display: Loaded TargetPlatform 'LinuxServer'
[2020.11.02-18.37.51:286][  0]LogTargetPlatformManager: Display: Loaded TargetPlatform 'LinuxAArch64NoEditor'
[2020.11.02-18.37.51:298][  0]LogTargetPlatformManager: Display: Loaded TargetPlatform 'LinuxAArch64Client'
[2020.11.02-18.37.51:315][  0]LogTargetPlatformManager: Display: Loaded TargetPlatform 'LinuxAArch64Server'
[2020.11.02-18.37.51:350][  0]LogTargetPlatformManager: Display: Loaded TargetPlatform 'Lumin'
[2020.11.02-18.37.51:350][  0]LogTargetPlatformManager: Display: Loaded TargetPlatform 'LuminClient'
[2020.11.02-18.37.51:371][  0]LogTargetPlatformManager: Display: Loaded TargetPlatform 'TVOSClient'
[2020.11.02-18.37.51:371][  0]LogTargetPlatformManager: Display: Loaded TargetPlatform 'TVOS'
[2020.11.02-18.37.51:386][  0]LogTargetPlatformManager: Display: Loaded TargetPlatform 'WindowsNoEditor'
[2020.11.02-18.37.51:399][  0]LogTargetPlatformManager: Display: Loaded TargetPlatform 'Windows'
[2020.11.02-18.37.51:412][  0]LogTargetPlatformManager: Display: Loaded TargetPlatform 'WindowsClient'
[2020.11.02-18.37.51:424][  0]LogTargetPlatformManager: Display: Loaded TargetPlatform 'WindowsServer'
[2020.11.02-18.37.51:424][  0]LogTargetPlatformManager: Display: Building Assets For Windows
[2020.11.02-18.37.51:436][  0]LogAudioDebug: Display: Lib vorbis DLL was dynamically loaded.
[2020.11.02-18.37.51:540][  0]LogShaderCompilers: Guid format shader working directory is -37 characters bigger than the processId version (../../../../../../Users/user/Desktop/UnrealGit/WorkSpace/JamesUnreal/UnrealGitHub/Intermediate/Shaders/WorkingDirectory/11540/).
[2020.11.02-18.37.51:541][  0]LogShaderCompilers: Cleaned the shader compiler working directory 'C:/Users/user/AppData/Local/Temp/UnrealShaderWorkingDir/88AB1A4247BC877D937043A59A9A396C/'.
[2020.11.02-18.37.51:541][  0]LogXGEController: Cannot use XGE Controller as Incredibuild is not installed on this machine.
[2020.11.02-18.37.51:541][  0]LogShaderCompilers: Cannot use XGE Shader Compiler as Incredibuild is not installed on this machine.
[2020.11.02-18.37.51:541][  0]LogShaderCompilers: Display: Using Local Shader Compiler.
[2020.11.02-18.37.52:251][  0]LogDerivedDataCache: Display: Max Cache Size: 512 MB
[2020.11.02-18.37.52:322][  0]LogDerivedDataCache: Loaded boot cache 0.07s 119MB C:/Users/user/AppData/Local/UnrealEngine/4.25/DerivedDataCache/Boot.ddc.
[2020.11.02-18.37.52:322][  0]LogDerivedDataCache: Display: Loaded Boot cache: C:/Users/user/AppData/Local/UnrealEngine/4.25/DerivedDataCache/Boot.ddc
[2020.11.02-18.37.52:323][  0]LogDerivedDataCache: FDerivedDataBackendGraph:  Pak pak cache file ../../../../../../Users/user/Desktop/UnrealGit/WorkSpace/JamesUnreal/UnrealGitHub/DerivedDataCache/DDC.ddp not found, will not use a pak cache.
[2020.11.02-18.37.52:323][  0]LogDerivedDataCache: Unable to find inner node Pak for hierarchical cache Hierarchy.
[2020.11.02-18.37.52:323][  0]LogDerivedDataCache: FDerivedDataBackendGraph:  CompressedPak pak cache file ../../../../../../Users/user/Desktop/UnrealGit/WorkSpace/JamesUnreal/UnrealGitHub/DerivedDataCache/Compressed.ddp not found, will not use a pak cache.
[2020.11.02-18.37.52:323][  0]LogDerivedDataCache: Unable to find inner node CompressedPak for hierarchical cache Hierarchy.
[2020.11.02-18.37.52:333][  0]LogDerivedDataCache: Display: Pak cache opened for reading ../../../Engine/DerivedDataCache/Compressed.ddp.
[2020.11.02-18.37.52:334][  0]LogDerivedDataCache: FDerivedDataBackendGraph:  EnterprisePak pak cache file ../../../Enterprise/DerivedDataCache/Compressed.ddp not found, will not use a pak cache.
[2020.11.02-18.37.52:334][  0]LogDerivedDataCache: Unable to find inner node EnterprisePak for hierarchical cache Hierarchy.
[2020.11.02-18.37.52:336][  0]LogDerivedDataCache: Using Local data cache path C:/Users/user/AppData/Local/UnrealEngine/Common/DerivedDataCache: Writable
[2020.11.02-18.37.52:336][  0]LogDerivedDataCache: Shared data cache path not found in *engine.ini, will not use an Shared cache.
[2020.11.02-18.37.52:336][  0]LogDerivedDataCache: Unable to find inner node Shared for hierarchical cache Hierarchy.
[2020.11.02-18.37.52:381][  0]LogSlate: Using FreeType 2.10.0
[2020.11.02-18.37.52:381][  0]LogSlate: SlateFontServices - WITH_FREETYPE: 1, WITH_HARFBUZZ: 1
[2020.11.02-18.37.52:408][  0]LogAssetRegistry: FAssetRegistry took 0.0039 seconds to start up
[2020.11.02-18.37.52:632][  0]LogInit: Selected Device Profile: [Windows]
[2020.11.02-18.37.52:760][  0]LogMeshReduction: Using QuadricMeshReduction for automatic static mesh reduction
[2020.11.02-18.37.52:760][  0]LogMeshReduction: Using SimplygonMeshReduction for automatic skeletal mesh reduction
[2020.11.02-18.37.52:760][  0]LogMeshReduction: Using ProxyLODMeshReduction for automatic mesh merging
[2020.11.02-18.37.52:760][  0]LogMeshReduction: No distributed automatic mesh merging module available
[2020.11.02-18.37.52:760][  0]LogMeshMerging: No distributed automatic mesh merging module available
[2020.11.02-18.37.52:780][  0]LogNetVersion: Combat 1.0.0, NetCL: 13144385, EngineNetVer: 14, GameNetVer: 0 (Checksum: 410256324)
[2020.11.02-18.37.53:258][  0]LogAISub: UAISubsystem::UAISubsystem AISubsystem (00000193B4298440), frame # 0
[2020.11.02-18.37.53:258][  0]LogAISub: UAISubsystem::UAISubsystem AIPerceptionSystem (00000193B41C0180), frame # 0
[2020.11.02-18.37.53:259][  0]LogAISub: UAISubsystem::UAISubsystem EnvQueryManager (00000193B4228A00), frame # 0
[2020.11.02-18.37.53:319][  0]LogPackageLocalizationCache: Processed 19 localized package path(s) for 1 prioritized culture(s) in 0.052967 seconds
[2020.11.02-18.37.53:325][  0]LogUObjectArray: 15917 objects as part of root set at end of initial load.
[2020.11.02-18.37.53:325][  0]LogUObjectAllocator: 3965568 out of 0 bytes used by permanent object pool.
[2020.11.02-18.37.53:325][  0]LogUObjectArray: CloseDisregardForGC: 0/0 objects in disregard for GC pool
[2020.11.02-18.37.53:830][  0]LogPackageName: Warning: Asset path "JW_FlameDungeon.FX.SM_FX_Embers" is in short form, which is unsupported and -- even if valid -- resolving it will be really slow.
[2020.11.02-18.37.53:830][  0]LogPackageName: Warning: Please consider resaving package in order to speed-up loading.
[2020.11.02-18.37.53:830][  0]LogPackageName: SearchForPackageOnDisk took   0.201s, but failed to resolve JW_FlameDungeon.
[2020.11.02-18.37.53:830][  0]LogPackageName: Warning: Asset path "JW_FlameDungeon.FX.SM_FX_Embers" could not be resolved.
[2020.11.02-18.37.53:830][  0]LogPackageName: Warning: Asset path "JW_FlameDungeon.FX.SM_FogPlane02" is in short form, which is unsupported and -- even if valid -- resolving it will be really slow.
[2020.11.02-18.37.53:830][  0]LogPackageName: Warning: Please consider resaving package in order to speed-up loading.
[2020.11.02-18.37.53:830][  0]LogTcpMessaging: Initializing TcpMessaging bridge
[2020.11.02-18.37.53:874][  0]LogUdpMessaging: Initializing bridge on interface 0.0.0.0:0 to multicast group 230.0.0.1:6666.
[2020.11.02-18.37.54:026][  0]LogPackageName: SearchForPackageOnDisk took   0.197s, but failed to resolve JW_FlameDungeon.
[2020.11.02-18.37.54:026][  0]LogPackageName: Warning: Asset path "JW_FlameDungeon.FX.SM_FogPlane02" could not be resolved.
[2020.11.02-18.37.54:026][  0]SourceControl: 소스 컨트롤이 꺼졌습니다.
[2020.11.02-18.37.54:026][  0]SourceControl: 소스 컨트롤이 꺼졌습니다.
[2020.11.02-18.37.54:031][  0]SourceControl: 소스 컨트롤이 꺼졌습니다.
[2020.11.02-18.37.54:037][  0]SourceControl: 소스 컨트롤이 꺼졌습니다.
[2020.11.02-18.37.54:051][  0]LogPackageName: Warning: Asset path "StaticMesh'FX_Meshes_IB.SM_Debris_Box_RadialFull'" is in short form, which is unsupported and -- even if valid -- resolving it will be really slow.
[2020.11.02-18.37.54:051][  0]LogPackageName: Warning: Please consider resaving package in order to speed-up loading.
[2020.11.02-18.37.54:051][  0]SourceControl: 소스 컨트롤이 꺼졌습니다.
[2020.11.02-18.37.54:346][  0]LogPackageName: SearchForPackageOnDisk took   0.205s, but failed to resolve StaticMesh'FX_Meshes_IB.
[2020.11.02-18.37.54:346][  0]LogPackageName: Warning: Asset path "StaticMesh'FX_Meshes_IB.SM_Debris_Box_RadialFull'" could not be resolved.
[2020.11.02-18.37.54:346][  0]LogPackageName: Warning: Asset path "JW_Ice_Mountain.Mesh.SM_SnowBoulder" is in short form, which is unsupported and -- even if valid -- resolving it will be really slow.
[2020.11.02-18.37.54:346][  0]LogPackageName: Warning: Please consider resaving package in order to speed-up loading.
[2020.11.02-18.37.54:614][  0]LogPackageName: SearchForPackageOnDisk took   0.229s, but failed to resolve JW_Ice_Mountain.
[2020.11.02-18.37.54:615][  0]LogPackageName: Warning: Asset path "JW_Ice_Mountain.Mesh.SM_SnowBoulder" could not be resolved.
[2020.11.02-18.37.54:615][  0]LogPackageName: Warning: Asset path "FX_Meshes.UI.SM_SelectionMesh_01" is in short form, which is unsupported and -- even if valid -- resolving it will be really slow.
[2020.11.02-18.37.54:615][  0]LogPackageName: Warning: Please consider resaving package in order to speed-up loading.
[2020.11.02-18.37.54:615][  0]LogAndroidPermission: UAndroidPermissionCallbackProxy::GetInstance
[2020.11.02-18.37.54:645][  0]LogAudioCaptureCore: Display: No Audio Capture implementations found. Audio input will be silent.
[2020.11.02-18.37.54:645][  0]LogAudioCaptureCore: Display: No Audio Capture implementations found. Audio input will be silent.
[2020.11.02-18.37.54:714][  0]LogPackageName: SearchForPackageOnDisk took   0.200s, but failed to resolve FX_Meshes.
[2020.11.02-18.37.54:714][  0]LogPackageName: Warning: Asset path "FX_Meshes.UI.SM_SelectionMesh_01" could not be resolved.
[2020.11.02-18.37.54:714][  0]LogPackageName: Warning: Asset path "FX_Meshes.UI.SM_SelectionMesh_01" is in short form, which is unsupported and -- even if valid -- resolving it will be really slow.
[2020.11.02-18.37.54:714][  0]LogPackageName: Warning: Please consider resaving package in order to speed-up loading.
[2020.11.02-18.37.54:714][  0]LogOcInput: OculusInput pre-init called
[2020.11.02-18.37.54:730][  0]LogWindows: Failed to load 'OVRPlugin.dll' (GetLastError=126)
[2020.11.02-18.37.54:731][  0]LogWindows: File 'OVRPlugin.dll' does not exist
[2020.11.02-18.37.54:808][  0]LogEngine: Initializing Engine...
[2020.11.02-18.37.54:810][  0]LogHMD: Failed to initialize OpenVR with code 110
[2020.11.02-18.37.54:810][  0]LogMagicLeap: Warning: VR disabled because ZI is not enabled.  To enable, in the editor, Edit -> Project Settings -> Plugins -> Magic Leap Plugin -> Enable Zero Iteration
[2020.11.02-18.37.54:811][  0]LogStats: UGameplayTagsManager::InitializeManager -  0.000 s
[2020.11.02-18.37.54:932][  0]LogPackageName: SearchForPackageOnDisk took   0.191s, but failed to resolve FX_Meshes.
[2020.11.02-18.37.54:932][  0]LogPackageName: Warning: Asset path "FX_Meshes.UI.SM_SelectionMesh_01" could not be resolved.
[2020.11.02-18.37.54:932][  0]LogPackageName: Warning: Asset path "'FX_Ambient.Meshes.SM_Bats'" is in short form, which is unsupported and -- even if valid -- resolving it will be really slow.
[2020.11.02-18.37.54:932][  0]LogPackageName: Warning: Please consider resaving package in order to speed-up loading.
[2020.11.02-18.37.54:932][  0]LogInit: Initializing FReadOnlyCVARCache
[2020.11.02-18.37.54:946][  0]LogAIModule: Creating AISystem for world Untitled
[2020.11.02-18.37.54:946][  0]LogAISub: UAISubsystem::UAISubsystem EnvQueryManager (00000193AFC2D800), frame # 0
[2020.11.02-18.37.54:946][  0]LogAISub: UAISubsystem::UAISubsystem AIPerceptionSystem (00000193AFC5AFC0), frame # 0
[2020.11.02-18.37.54:962][  0]LogAudioMixer: Display: Audio Mixer Platform Settings:
[2020.11.02-18.37.54:962][  0]LogAudioMixer: Display: 	Sample Rate:						  48000
[2020.11.02-18.37.54:962][  0]LogAudioMixer: Display: 	Callback Buffer Frame Size Requested: 1024
[2020.11.02-18.37.54:962][  0]LogAudioMixer: Display: 	Callback Buffer Frame Size To Use:	  1024
[2020.11.02-18.37.54:962][  0]LogAudioMixer: Display: 	Number of buffers to queue:			  2
[2020.11.02-18.37.54:962][  0]LogAudioMixer: Display: 	Max Channels (voices):				  32
[2020.11.02-18.37.54:962][  0]LogAudioMixer: Display: 	Number of Async Source Workers:		  0
[2020.11.02-18.37.54:962][  0]LogAudio: Display: AudioDevice MaxSources: 32
[2020.11.02-18.37.54:962][  0]LogAudio: Display: Using built-in audio occlusion.
[2020.11.02-18.37.54:962][  0]LogAudioMixer: Display: Initializing audio mixer.
[2020.11.02-18.37.54:976][  0]LogAudioMixer: Display: 0: FrontLeft
[2020.11.02-18.37.54:976][  0]LogAudioMixer: Display: 1: FrontRight
[2020.11.02-18.37.55:013][  0]LogAudioMixer: Display: Using Audio Device 헤드폰(Realtek(R) Audio)
[2020.11.02-18.37.55:015][  0]LogAudioMixer: Display: Initializing Sound Submixes...
[2020.11.02-18.37.55:018][  0]LogAudioMixer: Display: Creating Master Submix 'MasterSubmixDefault'
[2020.11.02-18.37.55:018][  0]LogAudioMixer: Display: Creating Master Submix 'MasterReverbSubmixDefault'
[2020.11.02-18.37.55:019][  0]LogAudioMixer: Display: Creating Master Submix 'MasterEQSubmixDefault'
[2020.11.02-18.37.55:020][  0]LogInit: FAudioDevice initialized.
[2020.11.02-18.37.55:021][  0]LogNetVersion: Set ProjectVersion to 1.0.0.0. Version Checksum will be recalculated on next use.
[2020.11.02-18.37.55:072][  0]LogDerivedDataCache: Saved boot cache 0.05s 75MB C:/Users/user/AppData/Local/UnrealEngine/4.25/DerivedDataCache/Boot.ddc.
[2020.11.02-18.37.55:073][  0]LogInit: Texture streaming: Enabled
[2020.11.02-18.37.55:100][  0]LogPackageName: SearchForPackageOnDisk took   0.200s, but failed to resolve 'FX_Ambient.
[2020.11.02-18.37.55:100][  0]LogPackageName: Warning: Asset path "'FX_Ambient.Meshes.SM_Bats'" could not be resolved.
[2020.11.02-18.37.55:100][  0]LogPackageName: Warning: Asset path "CastleEffects.TouchToMoveArrow" is in short form, which is unsupported and -- even if valid -- resolving it will be really slow.
[2020.11.02-18.37.55:100][  0]LogPackageName: Warning: Please consider resaving package in order to speed-up loading.
[2020.11.02-18.37.55:100][  0]LogEngineSessionManager: EngineSessionManager initialized
[2020.11.02-18.37.55:100][  0]LogEditorSessionSummary: Verbose: Initializing EditorSessionSummaryWriter for editor session tracking
[2020.11.02-18.37.55:102][  0]LogEditorSessionSummary: EditorSessionSummaryWriter initialized
[2020.11.02-18.37.55:125][  0]LogInit: Transaction tracking system initialized
[2020.11.02-18.37.55:164][  0]BlueprintLog: New page: 에디터 로드
[2020.11.02-18.37.55:278][  0]LocalizationService: 현지화 서비스가 비활성화되었습니다.
[2020.11.02-18.37.55:521][  0]LogPackageName: SearchForPackageOnDisk took   0.206s, but failed to resolve CastleEffects.
[2020.11.02-18.37.55:521][  0]LogPackageName: Warning: Asset path "CastleEffects.TouchToMoveArrow" could not be resolved.
[2020.11.02-18.37.55:521][  0]LogPackageName: Warning: Asset path "StaticMesh'FX_Meshes.Fire.SM_Dungeon_Pipes_Lava01_Cool'" is in short form, which is unsupported and -- even if valid -- resolving it will be really slow.
[2020.11.02-18.37.55:521][  0]LogPackageName: Warning: Please consider resaving package in order to speed-up loading.
[2020.11.02-18.37.55:521][  0]LogCook: Display: Max memory allowance for cook 16384mb min free memory 0mb
[2020.11.02-18.37.55:521][  0]LogCook: Display: Mobile HDR setting 1
[2020.11.02-18.37.55:576][  0]LogPackageName: SearchForPackageOnDisk took   0.213s, but failed to resolve StaticMesh'FX_Meshes.
[2020.11.02-18.37.55:576][  0]LogPackageName: Warning: Asset path "StaticMesh'FX_Meshes.Fire.SM_Dungeon_Pipes_Lava01_Cool'" could not be resolved.
[2020.11.02-18.37.55:576][  0]LogPackageName: Warning: Asset path "m_FogSheet_02" is in short form, which is unsupported and -- even if valid -- resolving it will be really slow.
[2020.11.02-18.37.55:576][  0]LogPackageName: Warning: Please consider resaving package in order to speed-up loading.
[2020.11.02-18.37.55:576][  0]LogFileCache: Scanning file cache for directory 'C:/Users/user/Desktop/UnrealGit/WorkSpace/JamesUnreal/UnrealGitHub/Content/' took 0.05s
[2020.11.02-18.37.55:576][  0]LogLinker: Warning: '{FileName}': 파일을 찾을 수 없습니다. 로드에 실패했습니다.
[2020.11.02-18.37.55:576][  0]LogLinker: Warning: '{FileName}': 파일을 찾을 수 없습니다. 로드에 실패했습니다.
[2020.11.02-18.37.55:576][  0]LogUObjectGlobals: Warning: 'StaticMesh /Engine/BasicShapes/Cube.Cube' 오브젝트를 찾는 데 실패했습니다.
[2020.11.02-18.37.55:729][  0]LogPackageName: SearchForPackageOnDisk took   0.190s to resolve m_FogSheet_02.
[2020.11.02-18.37.55:729][  0]LogPackageName: Warning: Asset path "FX_Test_LAN.Meshes.SM_IceWall01" is in short form, which is unsupported and -- even if valid -- resolving it will be really slow.
[2020.11.02-18.37.55:729][  0]LogPackageName: Warning: Please consider resaving package in order to speed-up loading.
[2020.11.02-18.37.55:955][  0]SourceControl: 소스 컨트롤이 꺼졌습니다.
[2020.11.02-18.37.55:956][  0]LogUnrealEdMisc: Loading editor; pre map load, took 8.440
[2020.11.02-18.37.55:956][  0]Cmd: MAP LOAD FILE="../../../../../../Users/user/Desktop/UnrealGit/WorkSpace/JamesUnreal/UnrealGitHub/Content/Level/MainLevel.umap" TEMPLATE=0 SHOWPROGRESS=1 FEATURELEVEL=3
[2020.11.02-18.37.55:956][  0]LightingResults: New page: 라이팅 빌드
[2020.11.02-18.37.55:958][  0]LogWorld: UWorld::CleanupWorld for Untitled, bSessionEnded=true, bCleanupResources=true
[2020.11.02-18.37.55:958][  0]LogSlate: InvalidateAllWidgets triggered.  All widgets were invalidated
[2020.11.02-18.37.55:958][  0]MapCheck: New page: 맵 체크
[2020.11.02-18.37.55:958][  0]LightingResults: New page: 라이팅 빌드
[2020.11.02-18.37.55:968][  0]LogAISub: UAISubsystem::~UAISubsystem EnvQueryManager (00000193AFC2D800), frame # 0
[2020.11.02-18.37.55:968][  0]LogAISub: UAISubsystem::~UAISubsystem AIPerceptionSystem (00000193AFC5AFC0), frame # 0
[2020.11.02-18.37.55:968][  0]LogUObjectHash: Compacting FUObjectHashTables data took   0.62ms
[2020.11.02-18.37.56:025][  0]LogPackageName: SearchForPackageOnDisk took   0.252s, but failed to resolve FX_Test_LAN.
[2020.11.02-18.37.56:025][  0]LogPackageName: Warning: Asset path "FX_Test_LAN.Meshes.SM_IceWall01" could not be resolved.
[2020.11.02-18.37.56:025][  0]LogPackageName: Warning: Asset path "m_FogSheet_02" is in short form, which is unsupported and -- even if valid -- resolving it will be really slow.
[2020.11.02-18.37.56:025][  0]LogPackageName: Warning: Please consider resaving package in order to speed-up loading.
[2020.11.02-18.37.56:025][  0]LogLinker: Warning: '../../../../../../Users/user/Desktop/UnrealGit/WorkSpace/JamesUnreal/UnrealGitHub/Content/Level/MainLevel.umap' 로드 도중 '/Game/ThirdPerson/Meshes/Ramp_StaticMesh_DM' 로드에 실패했습니다: 파일을 찾을 수 없습니다.
[2020.11.02-18.37.56:025][  0]LogLinker: Warning: '../../../../../../Users/user/Desktop/UnrealGit/WorkSpace/JamesUnreal/UnrealGitHub/Content/Level/MainLevel.umap' 로드 도중 '/Game/ThirdPerson/Meshes/Ramp_StaticMesh_DM' 로드에 실패했습니다: 애셋에 대한 파일을 찾을 수 없습니다.
[2020.11.02-18.37.56:029][  0]LogLinker: Warning: '../../../../../../Users/user/Desktop/UnrealGit/WorkSpace/JamesUnreal/UnrealGitHub/Content/Level/MainLevel.umap' 로드 도중 '/Game/ThirdPerson/Meshes/Linear_Stair_StaticMesh' 로드에 실패했습니다: 파일을 찾을 수 없습니다.
[2020.11.02-18.37.56:029][  0]LogLinker: Warning: '../../../../../../Users/user/Desktop/UnrealGit/WorkSpace/JamesUnreal/UnrealGitHub/Content/Level/MainLevel.umap' 로드 도중 '/Game/ThirdPerson/Meshes/Linear_Stair_StaticMesh' 로드에 실패했습니다: 애셋에 대한 파일을 찾을 수 없습니다.
[2020.11.02-18.37.56:029][  0]LogLinker: Warning: '../../../../../../Users/user/Desktop/UnrealGit/WorkSpace/JamesUnreal/UnrealGitHub/Content/Level/MainLevel.umap' 로드 도중 '/Game/ThirdPerson/Meshes/Ramp_StaticMesh_DM' 로드에 실패했습니다: 파일을 찾을 수 없습니다.
[2020.11.02-18.37.56:030][  0]LogLinker: Warning: '../../../../../../Users/user/Desktop/UnrealGit/WorkSpace/JamesUnreal/UnrealGitHub/Content/Level/MainLevel.umap' 로드 도중 '/Game/ThirdPerson/Meshes/Ramp_StaticMesh_DM' 로드에 실패했습니다: 애셋에 대한 파일을 찾을 수 없습니다.
[2020.11.02-18.37.56:030][  0]LogLinker: Warning: '../../../../../../Users/user/Desktop/UnrealGit/WorkSpace/JamesUnreal/UnrealGitHub/Content/Level/MainLevel.umap' 로드 도중 '/Game/ThirdPerson/Meshes/Linear_Stair_StaticMesh' 로드에 실패했습니다: 파일을 찾을 수 없습니다.
[2020.11.02-18.37.56:030][  0]LogLinker: Warning: '../../../../../../Users/user/Desktop/UnrealGit/WorkSpace/JamesUnreal/UnrealGitHub/Content/Level/MainLevel.umap' 로드 도중 '/Game/ThirdPerson/Meshes/Linear_Stair_StaticMesh' 로드에 실패했습니다: 애셋에 대한 파일을 찾을 수 없습니다.
[2020.11.02-18.37.56:034][  0]LogLinker: Warning: '../../../../../../Users/user/Desktop/UnrealGit/WorkSpace/JamesUnreal/UnrealGitHub/Content/Level/MainLevel.umap' 로드 도중 '/Game/ThirdPerson/Meshes/Ramp_StaticMesh_DM' 로드에 실패했습니다: 파일을 찾을 수 없습니다.
[2020.11.02-18.37.56:034][  0]LoadErrors: 로드에 실패했습니다. /Game/ThirdPerson/Meshes/Ramp_StaticMesh_DM.Ramp_StaticMesh_DM 참조한 것: DestructibleComponent0
[2020.11.02-18.37.56:035][  0]LogLinker: Warning: '../../../../../../Users/user/Desktop/UnrealGit/WorkSpace/JamesUnreal/UnrealGitHub/Content/Level/MainLevel.umap' 로드 도중 '/Game/ThirdPerson/Meshes/Ramp_StaticMesh_DM' 로드에 실패했습니다: 애셋에 대한 파일을 찾을 수 없습니다.
[2020.11.02-18.37.56:035][  0]LoadErrors: 로드에 실패했습니다. /Game/ThirdPerson/Meshes/Ramp_StaticMesh_DM.Ramp_StaticMesh_DM 참조한 것: DestructibleComponent0
[2020.11.02-18.37.56:035][  0]LogLinker: Warning: '../../../../../../Users/user/Desktop/UnrealGit/WorkSpace/JamesUnreal/UnrealGitHub/Content/Level/MainLevel.umap' 로드 도중 '/Game/ThirdPerson/Meshes/Ramp_StaticMesh_DM' 로드에 실패했습니다: 파일을 찾을 수 없습니다.
[2020.11.02-18.37.56:035][  0]LoadErrors: 로드에 실패했습니다. /Game/ThirdPerson/Meshes/Ramp_StaticMesh_DM.Ramp_StaticMesh_DM 참조한 것: DestructibleComponent0
[2020.11.02-18.37.56:035][  0]LogLinker: Warning: '../../../../../../Users/user/Desktop/UnrealGit/WorkSpace/JamesUnreal/UnrealGitHub/Content/Level/MainLevel.umap' 로드 도중 '/Game/ThirdPerson/Meshes/Ramp_StaticMesh_DM' 로드에 실패했습니다: 애셋에 대한 파일을 찾을 수 없습니다.
[2020.11.02-18.37.56:035][  0]LoadErrors: 로드에 실패했습니다. /Game/ThirdPerson/Meshes/Ramp_StaticMesh_DM.Ramp_StaticMesh_DM 참조한 것: DestructibleComponent0
[2020.11.02-18.37.56:036][  0]LogLinker: Warning: '../../../../../../Users/user/Desktop/UnrealGit/WorkSpace/JamesUnreal/UnrealGitHub/Content/Level/MainLevel.umap' 로드 도중 '/Game/ThirdPerson/Meshes/Linear_Stair_StaticMesh' 로드에 실패했습니다: 파일을 찾을 수 없습니다.
[2020.11.02-18.37.56:036][  0]LoadErrors: 로드에 실패했습니다. /Game/ThirdPerson/Meshes/Linear_Stair_StaticMesh.Linear_Stair_StaticMesh 참조한 것: StaticMeshComponent0
[2020.11.02-18.37.56:037][  0]LogLinker: Warning: '../../../../../../Users/user/Desktop/UnrealGit/WorkSpace/JamesUnreal/UnrealGitHub/Content/Level/MainLevel.umap' 로드 도중 '/Game/ThirdPerson/Meshes/Linear_Stair_StaticMesh' 로드에 실패했습니다: 애셋에 대한 파일을 찾을 수 없습니다.
[2020.11.02-18.37.56:037][  0]LoadErrors: 로드에 실패했습니다. /Game/ThirdPerson/Meshes/Linear_Stair_StaticMesh.Linear_Stair_StaticMesh 참조한 것: StaticMeshComponent0
[2020.11.02-18.37.56:072][  0]LogAIModule: Creating AISystem for world MainLevel
[2020.11.02-18.37.56:072][  0]LogAISub: UAISubsystem::UAISubsystem EnvQueryManager (00000193ABEB1600), frame # 0
[2020.11.02-18.37.56:072][  0]LogAISub: UAISubsystem::UAISubsystem AIPerceptionSystem (00000193AF6FF380), frame # 0
[2020.11.02-18.37.56:079][  0]LogEditorServer: Finished looking for orphan Actors (0.000 secs)
[2020.11.02-18.37.56:096][  0]LogUObjectHash: Compacting FUObjectHashTables data took   1.11ms
[2020.11.02-18.37.56:096][  0]Cmd: MAP CHECKDEP NOCLEARLOG
[2020.11.02-18.37.56:097][  0]MapCheck: 맵 체크 완료: 오류 0 회, 경고 0 회, 소요 시간 0.419ms.
[2020.11.02-18.37.56:097][  0]LogFileHelpers: Loading map 'MainLevel' took 0.142
[2020.11.02-18.37.56:103][  0]LogUnrealEdMisc: Total Editor Startup Time, took 8.588
[2020.11.02-18.37.56:229][  0]LogPackageName: SearchForPackageOnDisk took   0.211s to resolve m_FogSheet_02.
[2020.11.02-18.37.56:229][  0]LogPackageName: Warning: Asset path "m_FogSheet_02" is in short form, which is unsupported and -- even if valid -- resolving it will be really slow.
[2020.11.02-18.37.56:229][  0]LogPackageName: Warning: Please consider resaving package in order to speed-up loading.
[2020.11.02-18.37.56:229][  0]LogSlate: Updating window title bar state: overlay mode, drag disabled, window buttons hidden, title bar hidden
[2020.11.02-18.37.56:239][  0]LogSlate: Updating window title bar state: overlay mode, drag disabled, window buttons hidden, title bar hidden
[2020.11.02-18.37.56:245][  0]LogSlate: Updating window title bar state: overlay mode, drag disabled, window buttons hidden, title bar hidden
[2020.11.02-18.37.56:252][  0]LogSlate: Updating window title bar state: overlay mode, drag disabled, window buttons hidden, title bar hidden
[2020.11.02-18.37.56:261][  0]LogCollectionManager: Loaded 0 collections in 0.002038 seconds
[2020.11.02-18.37.56:278][  0]LogFileCache: Scanning file cache for directory 'C:/Users/user/Desktop/UnrealGit/WorkSpace/JamesUnreal/UnrealGitHub/Saved/Collections/' took 0.00s
[2020.11.02-18.37.56:278][  0]LogFileCache: Scanning file cache for directory 'C:/Users/user/Desktop/UnrealGit/WorkSpace/JamesUnreal/UnrealGitHub/Content/Developers/user/Collections/' took 0.00s
[2020.11.02-18.37.56:278][  0]LogFileCache: Scanning file cache for directory 'C:/Users/user/Desktop/UnrealGit/WorkSpace/JamesUnreal/UnrealGitHub/Content/Collections/' took 0.00s
[2020.11.02-18.37.56:278][  0]LogContentBrowser: Native class hierarchy populated in 0.0088 seconds. Added 3437 classes and 827 folders.
[2020.11.02-18.37.56:282][  0]LogContentBrowser: Native class hierarchy updated for 'WidgetCarousel' in 0.0004 seconds. Added 0 classes and 0 folders.
[2020.11.02-18.37.56:430][  0]LogPackageName: SearchForPackageOnDisk took   0.190s to resolve m_FogSheet_02.
[2020.11.02-18.37.56:430][  0]LogPackageName: Warning: Asset path "m_FogSheet_02" is in short form, which is unsupported and -- even if valid -- resolving it will be really slow.
[2020.11.02-18.37.56:430][  0]LogPackageName: Warning: Please consider resaving package in order to speed-up loading.
[2020.11.02-18.37.56:430][  0]LogContentBrowser: Native class hierarchy updated for 'AddContentDialog' in 0.0007 seconds. Added 0 classes and 0 folders.
[2020.11.02-18.37.56:438][  0]LogContentBrowser: Native class hierarchy updated for 'SceneOutliner' in 0.0004 seconds. Added 2 classes and 0 folders.
[2020.11.02-18.37.56:543][  0]LogSlate: Took 0.000530 seconds to synchronously load lazily loaded font '../../../Engine/Content/Slate/Fonts/Roboto-Regular.ttf' (155K)
[2020.11.02-18.37.56:546][  0]LogSlate: Took 0.001964 seconds to synchronously load lazily loaded font '../../../Engine/Content/Editor/Slate/Fonts/NanumGothic.ttf' (4243K)
[2020.11.02-18.37.56:548][  0]LogSlate: Took 0.001467 seconds to synchronously load lazily loaded font '../../../Engine/Content/Editor/Slate/Fonts/NanumGothicBold.ttf' (4188K)
[2020.11.02-18.37.56:549][  0]LogSlate: Took 0.000374 seconds to synchronously load lazily loaded font '../../../Engine/Content/Slate/Fonts/Roboto-Bold.ttf' (160K)
[2020.11.02-18.37.56:554][  0]LogSlate: Took 0.000885 seconds to synchronously load lazily loaded font '../../../Engine/Content/Editor/Slate/Fonts/FontAwesome.ttf' (139K)
[2020.11.02-18.37.56:620][  0]LogPackageName: SearchForPackageOnDisk took   0.186s to resolve m_FogSheet_02.
[2020.11.02-18.37.56:620][  0]LogRenderer: Reallocating scene render targets to support 964x352 Format 10 NumSamples 1 (Frame:1).
[2020.11.02-18.37.56:856][  0]LogContentBrowser: Native class hierarchy updated for 'HierarchicalLODOutliner' in 0.0005 seconds. Added 0 classes and 0 folders.
[2020.11.02-18.37.56:856][  0]LogLoad: (Engine Initialization) Total time: 9.34 seconds
[2020.11.02-18.37.56:856][  0]LogLoad: (Engine Initialization) Total Blueprint compile time: 0.00 seconds
[2020.11.02-18.37.56:928][  0]LogContentStreaming: Texture pool size now 1000 MB
[2020.11.02-18.37.56:953][  0]LogPackageName: Warning: Asset path "JW_Ice_Mountain.Mesh.SM_SnowBoulder" is in short form, which is unsupported and -- even if valid -- resolving it will be really slow.
[2020.11.02-18.37.56:953][  0]LogPackageName: Warning: Please consider resaving package in order to speed-up loading.
[2020.11.02-18.37.57:054][  0]LogSlate: Took 0.000801 seconds to synchronously load lazily loaded font '../../../Engine/Content/Slate/Fonts/Roboto-Light.ttf' (167K)
[2020.11.02-18.37.57:061][  0]LogSlate: Took 0.000771 seconds to synchronously load lazily loaded font '../../../Engine/Content/Slate/Fonts/DroidSansMono.ttf' (77K)
[2020.11.02-18.37.57:066][  0]LogSlate: Took 0.005522 seconds to synchronously load lazily loaded font '../../../Engine/Content/Editor/Slate/Fonts/NanumGothicExtraBold.ttf' (4074K)
[2020.11.02-18.37.57:155][  4]LogPackageName: SearchForPackageOnDisk took   0.211s, but failed to resolve JW_Ice_Mountain.
[2020.11.02-18.37.57:155][  4]LogPackageName: Warning: Asset path "JW_Ice_Mountain.Mesh.SM_SnowBoulder" could not be resolved.
[2020.11.02-18.37.57:157][  4]LogPackageName: Warning: Asset path "S_Survival_CA_Chicken_02.SM.S_Survival_CA_Chicken_02" is in short form, which is unsupported and -- even if valid -- resolving it will be really slow.
[2020.11.02-18.37.57:157][  4]LogPackageName: Warning: Please consider resaving package in order to speed-up loading.
[2020.11.02-18.37.57:355][ 16]LogPackageName: SearchForPackageOnDisk took   0.194s to resolve S_Survival_CA_Chicken_02.
[2020.11.02-18.37.57:370][ 17]LogPackageName: Warning: Asset path "JW_Ice_Mountain.Mesh.SM_SnowBoulder" is in short form, which is unsupported and -- even if valid -- resolving it will be really slow.
[2020.11.02-18.37.57:370][ 17]LogPackageName: Warning: Please consider resaving package in order to speed-up loading.
[2020.11.02-18.37.57:571][ 29]LogPackageName: SearchForPackageOnDisk took   0.200s, but failed to resolve JW_Ice_Mountain.
[2020.11.02-18.37.57:571][ 29]LogPackageName: Warning: Asset path "JW_Ice_Mountain.Mesh.SM_SnowBoulder" could not be resolved.
[2020.11.02-18.37.57:571][ 29]LogPackageName: Warning: Asset path "Env_ALL_Artifacts.Mesh.Env_ALL_Terminus001" is in short form, which is unsupported and -- even if valid -- resolving it will be really slow.
[2020.11.02-18.37.57:571][ 29]LogPackageName: Warning: Please consider resaving package in order to speed-up loading.
[2020.11.02-18.37.57:771][ 41]LogPackageName: SearchForPackageOnDisk took   0.202s, but failed to resolve Env_ALL_Artifacts.
[2020.11.02-18.37.57:771][ 41]LogPackageName: Warning: Asset path "Env_ALL_Artifacts.Mesh.Env_ALL_Terminus001" could not be resolved.
[2020.11.02-18.37.58:515][ 83]LogAssetRegistry: Asset discovery search completed in 6.1081 seconds
[2020.11.02-18.37.58:519][ 83]LogCollectionManager: Fixed up redirectors for 0 collections in 0.000002 seconds (updated 0 objects)
[2020.11.02-18.37.59:366][134]LogSlate: Window '메시지 로그' being destroyed
[2020.11.02-18.37.59:372][134]LogSlate: Window '메시지 로그' being destroyed
[2020.11.02-18.38.28:949][890]LogStaticMesh: 1M_Cube 스태틱 메시 빌드중...
[2020.11.02-18.38.28:954][890]LogSlate: Took 0.000959 seconds to synchronously load lazily loaded font '../../../Engine/Content/Slate/Fonts/Roboto-Light.ttf' (167K)
[2020.11.02-18.38.28:978][890]LogStaticMesh: Built static mesh [0.03s] /Game/Test/1M_Cube.1M_Cube
[2020.11.02-18.38.31:187][  6]LogUObjectHash: Compacting FUObjectHashTables data took   0.59ms
[2020.11.02-18.38.31:206][  6]LogSavePackage: Moving '../../../../../../Users/user/Desktop/UnrealGit/WorkSpace/JamesUnreal/UnrealGitHub/Saved/MainLevel9032E172487D26E631A09885ADA156F3.tmp' to '../../../../../../Users/user/Desktop/UnrealGit/WorkSpace/JamesUnreal/UnrealGitHub/Content/Level/MainLevel.umap'
[2020.11.02-18.38.31:214][  6]Cmd: OBJ SAVEPACKAGE PACKAGE="/Game/Level/MainLevel_BuiltData" FILE="../../../../../../Users/user/Desktop/UnrealGit/WorkSpace/JamesUnreal/UnrealGitHub/Content/Level/MainLevel_BuiltData.uasset" SILENT=true
[2020.11.02-18.38.31:226][  6]LogSavePackage: Moving '../../../../../../Users/user/Desktop/UnrealGit/WorkSpace/JamesUnreal/UnrealGitHub/Saved/MainLevel_BuiltData99B925F747C49CC5EA3B2EA3748D4DF0.tmp' to '../../../../../../Users/user/Desktop/UnrealGit/WorkSpace/JamesUnreal/UnrealGitHub/Content/Level/MainLevel_BuiltData.uasset'
[2020.11.02-18.38.31:247][  6]AssetCheck: New page: 애셋 저장: 애셋이 다수입니다.
[2020.11.02-18.38.31:247][  6]LogContentValidation: Display: World /Game/Level/MainLevel.MainLevel 유효성 검사
[2020.11.02-18.38.31:247][  6]LogContentValidation: Display: MapBuildDataRegistry /Game/Level/MainLevel_BuiltData.MainLevel_BuiltData 유효성 검사
